2024-07-20 00:22:04,258 [WARN] IP:2120 - I2C_Coeff_DF not found: check if there is a RefParameter without a condition.
2024-07-20 00:22:04,278 [WARN] IP:2120 - Analog_Filter not found: check if there is a RefParameter without a condition.
2024-07-20 00:22:04,278 [WARN] IP:2120 - I2C_Coeff_DF not found: check if there is a RefParameter without a condition.
2024-07-20 00:22:04,278 [WARN] IP:2120 - Analog_Filter not found: check if there is a RefParameter without a condition.
2024-07-20 00:22:04,301 [WARN] IP:2120 - I2C_Coeff_DF not found: check if there is a RefParameter without a condition.
2024-07-20 00:22:04,301 [WARN] IP:2120 - Analog_Filter not found: check if there is a RefParameter without a condition.
2024-07-20 00:22:05,160 [WARN] IP:2120 - I2C_Coeff_DF not found: check if there is a RefParameter without a condition.
2024-07-20 00:22:05,160 [WARN] IP:2120 - Analog_Filter not found: check if there is a RefParameter without a condition.
2024-07-20 00:22:11,662 [WARN] IP:2120 - I2C_Coeff_DF not found: check if there is a RefParameter without a condition.
2024-07-20 00:22:11,662 [WARN] IP:2120 - Analog_Filter not found: check if there is a RefParameter without a condition.
2024-07-20 00:22:15,285 [INFO] UtilMem:75 - End SaveConfig() Used Memory: 637766944 Bytes (1073741824)
2024-07-20 00:22:16,776 [INFO] UtilMem:75 - End SaveConfig() Used Memory: 642490896 Bytes (1073741824)
2024-07-20 00:22:17,965 [INFO] UtilMem:75 - End SaveConfig() Used Memory: 702896384 Bytes (1073741824)
2024-07-20 00:22:18,063 [INFO] BlockDiagram:2759 - set Specific Code input for plugin: NVIC
2024-07-20 00:22:18,063 [INFO] BlockDiagram:2759 - set Specific Code input for plugin: SYS
2024-07-20 00:22:18,063 [INFO] BlockDiagram:2759 - set Specific Code input for plugin: GPIO
2024-07-20 00:22:18,063 [INFO] BlockDiagram:2759 - set Specific Code input for plugin: RCC
2024-07-20 00:22:18,063 [INFO] BlockDiagram:2759 - set Specific Code input for plugin: I2C
2024-07-20 00:22:18,064 [INFO] CodeGenerator:807 - code generatio: config db path: C:\ST\STM32CubeIDE_1.15.1\STM32CubeIDE\plugins\com.st.stm32cube.common.mx_6.11.1.202404110753\\db\
2024-07-20 00:22:18,065 [WARN] IP:2120 - I2C_Coeff_DF not found: check if there is a RefParameter without a condition.
2024-07-20 00:22:18,065 [WARN] IP:2120 - Analog_Filter not found: check if there is a RefParameter without a condition.
2024-07-20 00:22:18,109 [INFO] CodeEngine:255 - oldGeneratedFile, C:\Users\Yoon\Desktop\Git\STM32\FirstClass\20240717_AM1008K\MXTmpFiles\license.tmp_save
2024-07-20 00:22:18,173 [INFO] CodeEngine:279 - Generated code: C:\Users\Yoon\Desktop\Git\STM32\FirstClass\20240717_AM1008K\MXTmpFiles\license.tmp
2024-07-20 00:22:18,193 [INFO] CodeEngine:255 - oldGeneratedFile, C:\Users\Yoon\Desktop\Git\STM32\FirstClass\20240717_AM1008K\MXTmpFiles\gpio.tmp_save
2024-07-20 00:22:18,249 [INFO] CodeEngine:279 - Generated code: C:\Users\Yoon\Desktop\Git\STM32\FirstClass\20240717_AM1008K\MXTmpFiles\gpio.tmp
2024-07-20 00:22:18,285 [INFO] CodeEngine:255 - oldGeneratedFile, C:\Users\Yoon\Desktop\Git\STM32\FirstClass\20240717_AM1008K\Core\Src\stm32f1xx_it.c_save
2024-07-20 00:22:18,386 [INFO] CodeEngine:279 - Generated code: C:\Users\Yoon\Desktop\Git\STM32\FirstClass\20240717_AM1008K\Core\Src\stm32f1xx_it.c
2024-07-20 00:22:18,403 [INFO] CodeEngine:255 - oldGeneratedFile, C:\Users\Yoon\Desktop\Git\STM32\FirstClass\20240717_AM1008K\Core\Inc\stm32f1xx_it.h_save
2024-07-20 00:22:18,465 [INFO] CodeEngine:279 - Generated code: C:\Users\Yoon\Desktop\Git\STM32\FirstClass\20240717_AM1008K\Core\Inc\stm32f1xx_it.h
2024-07-20 00:22:18,488 [INFO] CodeEngine:255 - oldGeneratedFile, C:\Users\Yoon\Desktop\Git\STM32\FirstClass\20240717_AM1008K\Core\Src\stm32f1xx_hal_msp.c_save
2024-07-20 00:22:18,581 [INFO] CodeEngine:279 - Generated code: C:\Users\Yoon\Desktop\Git\STM32\FirstClass\20240717_AM1008K\Core\Src\stm32f1xx_hal_msp.c
2024-07-20 00:22:18,590 [INFO] CodeEngine:255 - oldGeneratedFile, C:\Users\Yoon\Desktop\Git\STM32\FirstClass\20240717_AM1008K\MXTmpFiles\system.tmp_save
2024-07-20 00:22:18,641 [INFO] CodeEngine:279 - Generated code: C:\Users\Yoon\Desktop\Git\STM32\FirstClass\20240717_AM1008K\MXTmpFiles\system.tmp
2024-07-20 00:22:18,662 [INFO] CodeEngine:311 - oldGeneratedFile, C:\Users\Yoon\Desktop\Git\STM32\FirstClass\20240717_AM1008K\Core\Inc\stm32f1xx_hal_conf.h_save
2024-07-20 00:22:18,731 [INFO] CodeEngine:335 - Generated code: C:\Users\Yoon\Desktop\Git\STM32\FirstClass\20240717_AM1008K\Core\Inc\stm32f1xx_hal_conf.h
2024-07-20 00:22:18,761 [INFO] CodeEngine:255 - oldGeneratedFile, C:\Users\Yoon\Desktop\Git\STM32\FirstClass\20240717_AM1008K\Core\Inc\main.h_save
2024-07-20 00:22:18,829 [INFO] CodeEngine:279 - Generated code: C:\Users\Yoon\Desktop\Git\STM32\FirstClass\20240717_AM1008K\Core\Inc\main.h
2024-07-20 00:22:18,843 [INFO] CodeEngine:255 - oldGeneratedFile, C:\Users\Yoon\Desktop\Git\STM32\FirstClass\20240717_AM1008K\Core\Src\main.c_save
2024-07-20 00:22:18,932 [INFO] CodeEngine:279 - Generated code: C:\Users\Yoon\Desktop\Git\STM32\FirstClass\20240717_AM1008K\Core\Src\main.c
2024-07-20 00:22:19,289 [INFO] ProjectBuilder:3163 - Time for Copy HAL[1] : 245mS.
2024-07-20 00:22:19,296 [INFO] ProjectBuilder:4736 - Project Generator version: 4.3.0-B58
2024-07-20 00:22:19,347 [INFO] ConfigFileManager:1503 - The Die is : DIE410
2024-07-20 00:22:20,105 [INFO] ProjectBuilder:5002 - Time for Generating toolchain IDE Files: 809mS.
2024-07-20 00:22:20,106 [INFO] ProjectBuilder:3034 - Time for Copy CMSIS : 0mS.
2024-07-20 00:22:20,113 [INFO] ProjectBuilder:3034 - Time for Copy CMSIS : 0mS.
2024-07-20 00:27:34,281 [WARN] IP:2120 - I2C_Coeff_DF not found: check if there is a RefParameter without a condition.
2024-07-20 00:27:34,281 [WARN] IP:2120 - Analog_Filter not found: check if there is a RefParameter without a condition.
2024-07-20 00:27:45,817 [WARN] IP:2120 - I2C_Coeff_DF not found: check if there is a RefParameter without a condition.
2024-07-20 00:27:45,817 [WARN] IP:2120 - Analog_Filter not found: check if there is a RefParameter without a condition.
2024-07-20 00:27:45,817 [WARN] IP:2120 - I2C_Coeff_DF not found: check if there is a RefParameter without a condition.
2024-07-20 00:27:45,817 [WARN] IP:2120 - Analog_Filter not found: check if there is a RefParameter without a condition.
2024-07-20 00:27:45,828 [INFO] NvicIntPanel:101 - NVIC parent = com.st.microxplorer.plugins.ip.nvic.MultiNvicIntPanel[,0,0,0x0,invalid,layout=javax.swing.BoxLayout,alignmentX=0.0,alignmentY=0.0,border=,flags=9,maximumSize=,minimumSize=,preferredSize=]
2024-07-20 00:27:45,839 [WARN] IP:2120 - I2C_Coeff_DF not found: check if there is a RefParameter without a condition.
2024-07-20 00:27:45,839 [WARN] IP:2120 - Analog_Filter not found: check if there is a RefParameter without a condition.
2024-07-20 00:27:45,842 [WARN] IP:2120 - I2C_Coeff_DF not found: check if there is a RefParameter without a condition.
2024-07-20 00:27:45,842 [WARN] IP:2120 - Analog_Filter not found: check if there is a RefParameter without a condition.
2024-07-20 00:27:52,769 [INFO] UtilMem:75 - End SaveConfig() Used Memory: 938741760 Bytes (1073741824)
2024-07-20 00:27:53,568 [INFO] UtilMem:75 - End SaveConfig() Used Memory: 654778128 Bytes (1073741824)
2024-07-20 00:27:53,688 [INFO] UtilMem:75 - End SaveConfig() Used Memory: 676855648 Bytes (1073741824)
2024-07-20 00:27:53,773 [INFO] BlockDiagram:2759 - set Specific Code input for plugin: NVIC
2024-07-20 00:27:53,773 [INFO] BlockDiagram:2759 - set Specific Code input for plugin: SYS
2024-07-20 00:27:53,773 [INFO] BlockDiagram:2759 - set Specific Code input for plugin: GPIO
2024-07-20 00:27:53,773 [INFO] BlockDiagram:2759 - set Specific Code input for plugin: RCC
2024-07-20 00:27:53,773 [INFO] BlockDiagram:2759 - set Specific Code input for plugin: I2C
2024-07-20 00:27:53,774 [INFO] CodeGenerator:807 - code generatio: config db path: C:\ST\STM32CubeIDE_1.15.1\STM32CubeIDE\plugins\com.st.stm32cube.common.mx_6.11.1.202404110753\\db\
2024-07-20 00:27:53,775 [WARN] IP:2120 - I2C_Coeff_DF not found: check if there is a RefParameter without a condition.
2024-07-20 00:27:53,775 [WARN] IP:2120 - Analog_Filter not found: check if there is a RefParameter without a condition.
2024-07-20 00:27:53,817 [INFO] CodeEngine:255 - oldGeneratedFile, C:\Users\Yoon\Desktop\Git\STM32\FirstClass\20240717_AM1008K\MXTmpFiles\license.tmp_save
2024-07-20 00:27:53,867 [INFO] CodeEngine:279 - Generated code: C:\Users\Yoon\Desktop\Git\STM32\FirstClass\20240717_AM1008K\MXTmpFiles\license.tmp
2024-07-20 00:27:53,887 [INFO] CodeEngine:255 - oldGeneratedFile, C:\Users\Yoon\Desktop\Git\STM32\FirstClass\20240717_AM1008K\MXTmpFiles\gpio.tmp_save
2024-07-20 00:27:53,938 [INFO] CodeEngine:279 - Generated code: C:\Users\Yoon\Desktop\Git\STM32\FirstClass\20240717_AM1008K\MXTmpFiles\gpio.tmp
2024-07-20 00:27:53,974 [INFO] CodeEngine:255 - oldGeneratedFile, C:\Users\Yoon\Desktop\Git\STM32\FirstClass\20240717_AM1008K\Core\Src\stm32f1xx_it.c_save
2024-07-20 00:27:54,034 [INFO] CodeEngine:279 - Generated code: C:\Users\Yoon\Desktop\Git\STM32\FirstClass\20240717_AM1008K\Core\Src\stm32f1xx_it.c
2024-07-20 00:27:54,045 [INFO] CodeEngine:255 - oldGeneratedFile, C:\Users\Yoon\Desktop\Git\STM32\FirstClass\20240717_AM1008K\Core\Inc\stm32f1xx_it.h_save
2024-07-20 00:27:54,098 [INFO] CodeEngine:279 - Generated code: C:\Users\Yoon\Desktop\Git\STM32\FirstClass\20240717_AM1008K\Core\Inc\stm32f1xx_it.h
2024-07-20 00:27:54,119 [INFO] CodeEngine:255 - oldGeneratedFile, C:\Users\Yoon\Desktop\Git\STM32\FirstClass\20240717_AM1008K\Core\Src\stm32f1xx_hal_msp.c_save
2024-07-20 00:27:54,188 [INFO] CodeEngine:279 - Generated code: C:\Users\Yoon\Desktop\Git\STM32\FirstClass\20240717_AM1008K\Core\Src\stm32f1xx_hal_msp.c
2024-07-20 00:27:54,196 [INFO] CodeEngine:255 - oldGeneratedFile, C:\Users\Yoon\Desktop\Git\STM32\FirstClass\20240717_AM1008K\MXTmpFiles\system.tmp_save
2024-07-20 00:27:54,243 [INFO] CodeEngine:279 - Generated code: C:\Users\Yoon\Desktop\Git\STM32\FirstClass\20240717_AM1008K\MXTmpFiles\system.tmp
2024-07-20 00:27:54,263 [INFO] CodeEngine:311 - oldGeneratedFile, C:\Users\Yoon\Desktop\Git\STM32\FirstClass\20240717_AM1008K\Core\Inc\stm32f1xx_hal_conf.h_save
2024-07-20 00:27:54,328 [INFO] CodeEngine:335 - Generated code: C:\Users\Yoon\Desktop\Git\STM32\FirstClass\20240717_AM1008K\Core\Inc\stm32f1xx_hal_conf.h
2024-07-20 00:27:54,360 [INFO] CodeEngine:255 - oldGeneratedFile, C:\Users\Yoon\Desktop\Git\STM32\FirstClass\20240717_AM1008K\Core\Inc\main.h_save
2024-07-20 00:27:54,419 [INFO] CodeEngine:279 - Generated code: C:\Users\Yoon\Desktop\Git\STM32\FirstClass\20240717_AM1008K\Core\Inc\main.h
2024-07-20 00:27:54,434 [INFO] CodeEngine:255 - oldGeneratedFile, C:\Users\Yoon\Desktop\Git\STM32\FirstClass\20240717_AM1008K\Core\Src\main.c_save
2024-07-20 00:27:54,526 [INFO] CodeEngine:279 - Generated code: C:\Users\Yoon\Desktop\Git\STM32\FirstClass\20240717_AM1008K\Core\Src\main.c
2024-07-20 00:27:54,904 [INFO] ProjectBuilder:3163 - Time for Copy HAL[1] : 258mS.
2024-07-20 00:27:54,912 [INFO] ProjectBuilder:4736 - Project Generator version: 4.3.0-B58
2024-07-20 00:27:54,961 [INFO] ConfigFileManager:1503 - The Die is : DIE410
2024-07-20 00:27:55,698 [INFO] ProjectBuilder:5002 - Time for Generating toolchain IDE Files: 786mS.
2024-07-20 00:27:55,699 [INFO] ProjectBuilder:3034 - Time for Copy CMSIS : 1mS.
2024-07-20 00:27:55,707 [INFO] ProjectBuilder:3034 - Time for Copy CMSIS : 1mS.
2024-07-20 00:29:43,203 [INFO] MainUpdater:2873 - connection check result : 10
2024-07-20 00:29:43,203 [INFO] MainUpdater:2873 - connection check result : 10
2024-07-20 00:29:43,257 [INFO] MicroXplorer:468 - Change Database Path : 
2024-07-20 00:29:43,257 [INFO] MicroXplorer:498 - Change Database Version : DB.6.0.111
2024-07-20 00:29:43,261 [ERROR] ProjectManagerView:394 - 
java.lang.NullPointerException: Cannot invoke "javax.swing.JTextField.getText()" because the return value of "java.util.List.get(int)" is null
	at com.st.microxplorer.plugins.projectmanager.gui.ProjectChoiceTab$10.caretUpdate(ProjectChoiceTab.java:2504) ~[filemanager.jar:?]
	at javax.swing.text.JTextComponent.fireCaretUpdate(JTextComponent.java:412) ~[?:?]
	at javax.swing.text.JTextComponent$MutableCaretEvent.fire(JTextComponent.java:4491) ~[?:?]
	at javax.swing.text.JTextComponent$MutableCaretEvent.stateChanged(JTextComponent.java:4513) ~[?:?]
	at javax.swing.text.DefaultCaret.fireStateChanged(DefaultCaret.java:842) ~[?:?]
	at javax.swing.text.DefaultCaret.changeCaretPosition(DefaultCaret.java:1313) ~[?:?]
	at javax.swing.text.DefaultCaret.handleSetDot(DefaultCaret.java:1212) ~[?:?]
	at javax.swing.text.DefaultCaret.setDot(DefaultCaret.java:1193) ~[?:?]
	at javax.swing.text.DefaultCaret$Handler.insertUpdate(DefaultCaret.java:1789) ~[?:?]
	at javax.swing.text.AbstractDocument.fireInsertUpdate(AbstractDocument.java:226) ~[?:?]
	at javax.swing.text.AbstractDocument.handleInsertString(AbstractDocument.java:780) ~[?:?]
	at javax.swing.text.AbstractDocument.insertString(AbstractDocument.java:739) ~[?:?]
	at javax.swing.text.PlainDocument.insertString(PlainDocument.java:131) ~[?:?]
	at javax.swing.text.AbstractDocument.replace(AbstractDocument.java:698) ~[?:?]
	at javax.swing.text.JTextComponent.setText(JTextComponent.java:1729) ~[?:?]
	at com.st.microxplorer.plugins.projectmanager.gui.ProjectChoiceTab.createHeapStackFields(ProjectChoiceTab.java:944) ~[filemanager.jar:?]
	at com.st.microxplorer.plugins.projectmanager.gui.ProjectChoiceTab.buildLinkSettingsPanel(ProjectChoiceTab.java:3475) ~[filemanager.jar:?]
	at com.st.microxplorer.plugins.projectmanager.gui.ProjectChoiceTab.defineWindowsFields(ProjectChoiceTab.java:1816) ~[filemanager.jar:?]
	at com.st.microxplorer.plugins.projectmanager.gui.ProjectChoiceTab.updateSettings(ProjectChoiceTab.java:544) ~[filemanager.jar:?]
	at com.st.microxplorer.plugins.projectmanager.gui.ProjectSettingsPanel.UpdateDialog(ProjectSettingsPanel.java:245) ~[filemanager.jar:?]
	at com.st.microxplorer.plugins.projectmanager.ProjectManagerView.propertyChange(ProjectManagerView.java:391) ~[filemanager.jar:?]
	at java.beans.PropertyChangeSupport.fire(PropertyChangeSupport.java:343) ~[?:?]
	at java.beans.PropertyChangeSupport.firePropertyChange(PropertyChangeSupport.java:335) ~[?:?]
	at java.beans.PropertyChangeSupport.firePropertyChange(PropertyChangeSupport.java:268) ~[?:?]
	at com.st.microxplorer.util.MXPropertyChangeSupport.firePropertyChange(MXPropertyChangeSupport.java:54) ~[STM32CubeMX.jar:?]
	at com.st.microxplorer.mxsystem.MxSystem.closeConfig(MxSystem.java:900) ~[STM32CubeMX.jar:?]
	at com.st.microxplorer.maingui.MainPanel.closeConfig(MainPanel.java:776) ~[STM32CubeMX.jar:?]
	at com.st.microxplorer.plugins.filemanager.engine.OpenFileManager.loadConfigurationFile(OpenFileManager.java:245) ~[filemanager.jar:?]
	at com.st.microxplorer.plugins.filemanager.engine.MainFileManager.userLoadConfig(MainFileManager.java:315) ~[filemanager.jar:?]
	at com.st.microxplorer.plugins.filemanager.engine.MainFileManager.userLoadConfig(MainFileManager.java:293) ~[filemanager.jar:?]
	at com.st.microxplorer.plugins.filemanager.FileManagerView.getSpecificTask(FileManagerView.java:247) ~[filemanager.jar:?]
	at com.st.stm32cube.common.mx.editor.CubeMxEditor.getMxTabbedPaneInstance(CubeMxEditor.java:1198) ~[com.st.stm32cube.common.mx_6.11.1.202404110753/:?]
	at com.st.stm32cube.common.mx.editor.CubeMxEditor$12$1.createSwingComponent(CubeMxEditor.java:1068) ~[com.st.stm32cube.common.mx_6.11.1.202404110753/:?]
	at com.st.stm32cube.common.mx.oss.core.awtswtbridge.EmbeddedSwingComposite.doComponentCreation(EmbeddedSwingComposite.java:492) ~[com.st.stm32cube.common.mx.oss_6.11.1.202404110753/:?]
	at com.st.stm32cube.common.mx.oss.core.awtswtbridge.EmbeddedSwingComposite$4.run(EmbeddedSwingComposite.java:291) ~[com.st.stm32cube.common.mx.oss_6.11.1.202404110753/:?]
	at com.st.stm32cube.common.mx.oss.core.awtswtbridge.AwtEnvironment$2.run(AwtEnvironment.java:166) ~[com.st.stm32cube.common.mx.oss_6.11.1.202404110753/:?]
	at java.awt.event.InvocationEvent.dispatch(InvocationEvent.java:318) ~[?:?]
	at java.awt.EventQueue.dispatchEventImpl(EventQueue.java:773) ~[?:?]
	at java.awt.EventQueue$4.run(EventQueue.java:720) ~[?:?]
	at java.awt.EventQueue$4.run(EventQueue.java:714) ~[?:?]
	at java.security.AccessController.doPrivileged(AccessController.java:399) ~[?:?]
	at java.security.ProtectionDomain$JavaSecurityAccessImpl.doIntersectionPrivilege(ProtectionDomain.java:86) ~[?:?]
	at java.awt.EventQueue.dispatchEvent(EventQueue.java:742) ~[?:?]
	at java.awt.EventDispatchThread.pumpOneEventForFilters(EventDispatchThread.java:203) ~[?:?]
	at java.awt.EventDispatchThread.pumpEventsForFilter(EventDispatchThread.java:124) ~[?:?]
	at java.awt.EventDispatchThread.pumpEventsForHierarchy(EventDispatchThread.java:113) ~[?:?]
	at java.awt.EventDispatchThread.pumpEvents(EventDispatchThread.java:109) ~[?:?]
	at java.awt.EventDispatchThread.pumpEvents(EventDispatchThread.java:101) ~[?:?]
	at java.awt.EventDispatchThread.run(EventDispatchThread.java:90) ~[?:?]
2024-07-20 00:29:43,262 [WARN] ThirdParty:871 - waiting for thirdparty lock release [close project]
2024-07-20 00:29:43,262 [INFO] ThirdParty:873 - entering critical section [close project]
2024-07-20 00:29:43,263 [INFO] ThirdParty:883 - exiting critical section [close project]
2024-07-20 00:29:43,263 [INFO] PinOutPanel:1561 - setPackage(No Configuration,No Configuration)
2024-07-20 00:29:43,265 [INFO] UtilMem:75 - Begin LoadConfig() Used Memory: 747093136 Bytes (1073741824)
2024-07-20 00:29:43,266 [INFO] MicroXplorer:468 - Change Database Path : 
2024-07-20 00:29:43,266 [INFO] MicroXplorer:498 - Change Database Version : DB.6.0.111
2024-07-20 00:29:43,266 [INFO] OpenFileManager:312 - Change cursor
2024-07-20 00:29:43,282 [INFO] RulesReader:64 - Compatibility file has been processed (297 Rules)
2024-07-20 00:29:43,283 [INFO] Mcu:2021 - Initializing MCU STM32F103C(8-B)Tx STM32F103C8Tx STM32F103C8T6
2024-07-20 00:29:43,495 [INFO] Context:663 - Trying to add GPIOservice into a context  which must be forbidden
2024-07-20 00:29:43,570 [INFO] RtosManager:555 - Registered RTOS mode: class=CMSIS, group=RTOS, mode=CMSIS_V1, owner=FREERTOS
2024-07-20 00:29:43,570 [INFO] RtosManager:555 - Registered RTOS mode: class=CMSIS, group=RTOS2, mode=CMSIS_V2, owner=FREERTOS
2024-07-20 00:29:43,570 [INFO] RtosManager:555 - Registered RTOS mode: class=RTOS, group=Core, mode=CMSIS_V1, owner=FREERTOS
2024-07-20 00:29:43,570 [INFO] RtosManager:555 - Registered RTOS mode: class=RTOS, group=Core, mode=CMSIS_V2, owner=FREERTOS
2024-07-20 00:29:43,570 [WARN] ModelIntegratedComponent:184 - Missing modes for component STMicroelectronics:FreeRTOS:0.0.1:STMicroelectronics:RTOS:FreeRTOS:Core:::10.2.0:
2024-07-20 00:29:43,574 [WARN] ModelIntegratedComponent:63 - No mode defined for component null
2024-07-20 00:29:43,574 [WARN] ModelIntegratedComponent:63 - No mode defined for component null
2024-07-20 00:29:43,574 [WARN] ModelIntegratedComponent:63 - No mode defined for component null
2024-07-20 00:29:43,574 [WARN] ModelIntegratedComponent:63 - No mode defined for component null
2024-07-20 00:29:43,574 [WARN] ModelIntegratedComponent:63 - No mode defined for component null
2024-07-20 00:29:43,574 [WARN] ModelIntegratedComponent:63 - No mode defined for component null
2024-07-20 00:29:43,574 [WARN] ModelIntegratedComponent:63 - No mode defined for component null
2024-07-20 00:29:43,574 [WARN] ModelIntegratedComponent:63 - No mode defined for component null
2024-07-20 00:29:43,574 [WARN] ModelIntegratedComponent:63 - No mode defined for component null
2024-07-20 00:29:43,574 [WARN] ModelIntegratedComponent:63 - No mode defined for component null
2024-07-20 00:29:43,574 [WARN] ModelIntegratedComponent:63 - No mode defined for component null
2024-07-20 00:29:43,574 [WARN] ModelIntegratedComponent:63 - No mode defined for component null
2024-07-20 00:29:43,574 [WARN] ModelIntegratedComponent:63 - No mode defined for component null
2024-07-20 00:29:43,574 [WARN] ModelIntegratedComponent:63 - No mode defined for component null
2024-07-20 00:29:43,574 [WARN] ModelIntegratedComponent:63 - No mode defined for component null
2024-07-20 00:29:43,574 [WARN] ModelIntegratedComponent:63 - No mode defined for component null
2024-07-20 00:29:43,574 [WARN] ModelIntegratedComponent:63 - No mode defined for component null
2024-07-20 00:29:43,574 [WARN] ModelIntegratedComponent:63 - No mode defined for component null
2024-07-20 00:29:43,575 [WARN] ModelIntegratedComponent:63 - No mode defined for component null
2024-07-20 00:29:43,575 [WARN] ModelIntegratedComponent:63 - No mode defined for component null
2024-07-20 00:29:43,575 [WARN] ModelIntegratedComponent:63 - No mode defined for component null
2024-07-20 00:29:43,575 [WARN] ModelIntegratedComponent:63 - No mode defined for component null
2024-07-20 00:29:43,575 [WARN] ModelIntegratedComponent:63 - No mode defined for component null
2024-07-20 00:29:43,575 [WARN] ModelIntegratedComponent:63 - No mode defined for component null
2024-07-20 00:29:43,575 [WARN] ModelIntegratedComponent:63 - No mode defined for component null
2024-07-20 00:29:43,575 [WARN] ModelIntegratedComponent:63 - No mode defined for component null
2024-07-20 00:29:43,575 [WARN] ModelIntegratedComponent:63 - No mode defined for component null
2024-07-20 00:29:43,575 [WARN] ModelIntegratedComponent:63 - No mode defined for component null
2024-07-20 00:29:43,575 [WARN] ModelIntegratedComponent:63 - No mode defined for component null
2024-07-20 00:29:43,575 [WARN] ModelIntegratedComponent:63 - No mode defined for component null
2024-07-20 00:29:43,575 [WARN] ModelIntegratedComponent:63 - No mode defined for component null
2024-07-20 00:29:43,575 [WARN] ModelIntegratedComponent:63 - No mode defined for component null
2024-07-20 00:29:43,575 [WARN] ModelIntegratedComponent:63 - No mode defined for component null
2024-07-20 00:29:43,575 [WARN] ModelIntegratedComponent:63 - No mode defined for component null
2024-07-20 00:29:43,612 [INFO] ThirdPartyModel:298 - Start build external matchings
2024-07-20 00:29:43,826 [INFO] ThirdPartyModel:316 - End build external matchings
2024-07-20 00:29:43,832 [WARN] IP:2120 - I2C_Coeff_DF not found: check if there is a RefParameter without a condition.
2024-07-20 00:29:43,832 [WARN] IP:2120 - Analog_Filter not found: check if there is a RefParameter without a condition.
2024-07-20 00:29:43,939 [INFO] UtilMem:75 - End LoadConfig() Used Memory: 810861760 Bytes (1073741824)
2024-07-20 00:29:43,961 [WARN] ThirdParty:833 - waiting for thirdparty lock release [change project]
2024-07-20 00:29:43,961 [INFO] ThirdParty:835 - entering critical section [change project]
2024-07-20 00:29:43,961 [INFO] ThirdParty:1030 - CMSIS Pack Vendor :STMicroelectronics USBPD 4.1
2024-07-20 00:29:43,961 [INFO] ThirdParty:1030 - CMSIS Pack Vendor :STMicroelectronics X-CUBE-GNSS1 6.0.0
2024-07-20 00:29:43,961 [INFO] ThirdParty:1030 - CMSIS Pack Vendor :STMicroelectronics USB_HOST 2.0.0
2024-07-20 00:29:43,961 [INFO] ThirdParty:1030 - CMSIS Pack Vendor :STMicroelectronics FP-SNS-MOTENVWB1 1.4.0
2024-07-20 00:29:43,961 [INFO] ThirdParty:1030 - CMSIS Pack Vendor :STMicroelectronics X-CUBE-AZRTOS-F4 1.1.0
2024-07-20 00:29:43,961 [INFO] ThirdParty:1030 - CMSIS Pack Vendor :STMicroelectronics LIBJPEG 8.0.0
2024-07-20 00:29:43,961 [INFO] ThirdParty:1030 - CMSIS Pack Vendor :STMicroelectronics X-CUBE-SMBUS 2.1.0
2024-07-20 00:29:43,961 [INFO] ThirdParty:1030 - CMSIS Pack Vendor :STMicroelectronics USB_DEVICE 3.0.0
2024-07-20 00:29:43,961 [INFO] ThirdParty:1030 - CMSIS Pack Vendor :STMicroelectronics X-CUBE-TCPP 4.1.0
2024-07-20 00:29:43,961 [INFO] ThirdParty:1030 - CMSIS Pack Vendor :STMicroelectronics X-CUBE-FREERTOS 1.2.0
2024-07-20 00:29:43,961 [INFO] ThirdParty:1030 - CMSIS Pack Vendor :STMicroelectronics X-CUBE-AZRTOS-WB 2.0.0
2024-07-20 00:29:43,961 [INFO] ThirdParty:1030 - CMSIS Pack Vendor :STMicroelectronics X-CUBE-TOUCHGFX 4.23.2
2024-07-20 00:29:43,961 [INFO] ThirdParty:1030 - CMSIS Pack Vendor :STMicroelectronics X-CUBE-AZRTOS-F7 1.1.0
2024-07-20 00:29:43,961 [INFO] ThirdParty:1030 - CMSIS Pack Vendor :STMicroelectronics X-CUBE-AZRTOS-L5 2.0.0
2024-07-20 00:29:43,962 [INFO] ThirdParty:1030 - CMSIS Pack Vendor :STMicroelectronics USB_DEVICE 2.0.0
2024-07-20 00:29:43,962 [INFO] ThirdParty:1030 - CMSIS Pack Vendor :STMicroelectronics X-CUBE-NFC6 3.1.0
2024-07-20 00:29:43,962 [INFO] ThirdParty:1030 - CMSIS Pack Vendor :STMicroelectronics FreeRTOS 0.0.1
2024-07-20 00:29:43,962 [INFO] ThirdParty:1030 - CMSIS Pack Vendor :STMicroelectronics X-CUBE-AZRTOS-G0 1.1.0
2024-07-20 00:29:43,962 [INFO] ThirdParty:1030 - CMSIS Pack Vendor :STMicroelectronics X-CUBE-SAFEA1 1.2.2
2024-07-20 00:29:43,962 [INFO] ThirdParty:1030 - CMSIS Pack Vendor :STMicroelectronics X-CUBE-NFC4 3.0.0
2024-07-20 00:29:43,962 [INFO] ThirdParty:1030 - CMSIS Pack Vendor :STMicroelectronics X-CUBE-DPower 1.2.0
2024-07-20 00:29:43,962 [INFO] ThirdParty:1030 - CMSIS Pack Vendor :STMicroelectronics X-CUBE-SUBG2 5.0.0
2024-07-20 00:29:43,962 [INFO] ThirdParty:1030 - CMSIS Pack Vendor :STMicroelectronics STM32_WPAN 1.0.0
2024-07-20 00:29:43,962 [INFO] ThirdParty:1030 - CMSIS Pack Vendor :wolfSSL I-CUBE-wolfMQTT 1.18.0
2024-07-20 00:29:43,962 [INFO] ThirdParty:1030 - CMSIS Pack Vendor :EmbeddedOffice I-CUBE-FS-RTOS 1.0.1
2024-07-20 00:29:43,962 [INFO] ThirdParty:1030 - CMSIS Pack Vendor :STMicroelectronics lwIP 2.0.3
2024-07-20 00:29:43,962 [INFO] ThirdParty:1030 - CMSIS Pack Vendor :STMicroelectronics FP-SNS-FLIGHT1 5.0.2
2024-07-20 00:29:43,962 [INFO] ThirdParty:1030 - CMSIS Pack Vendor :STMicroelectronics USB_HOST 1.0.0
2024-07-20 00:29:43,962 [INFO] ThirdParty:1030 - CMSIS Pack Vendor :STMicroelectronics X-CUBE-AI 9.0.0
2024-07-20 00:29:43,962 [INFO] ThirdParty:1030 - CMSIS Pack Vendor :STMicroelectronics X-CUBE-AZRTOS-G4 2.0.0
2024-07-20 00:29:43,962 [INFO] ThirdParty:1030 - CMSIS Pack Vendor :STMicroelectronics PDM2PCM 3.1.0
2024-07-20 00:29:43,962 [INFO] ThirdParty:1030 - CMSIS Pack Vendor :STMicroelectronics PDM2PCM 3.3.0
2024-07-20 00:29:43,962 [INFO] ThirdParty:1030 - CMSIS Pack Vendor :STMicroelectronics X-CUBE-DISPLAY 3.0.0
2024-07-20 00:29:43,962 [INFO] ThirdParty:1030 - CMSIS Pack Vendor :RealThread X-CUBE-RT-Thread_Nano 4.1.1
2024-07-20 00:29:43,962 [INFO] ThirdParty:1030 - CMSIS Pack Vendor :wolfSSL I-CUBE-wolfSSL 5.7.0
2024-07-20 00:29:43,962 [INFO] ThirdParty:1030 - CMSIS Pack Vendor :STMicroelectronics X-CUBE-BLE1 7.0.0
2024-07-20 00:29:43,962 [INFO] ThirdParty:1030 - CMSIS Pack Vendor :STMicroelectronics FP-ATR-SIGFOX1 3.2.0
2024-07-20 00:29:43,962 [INFO] ThirdParty:1030 - CMSIS Pack Vendor :STMicroelectronics X-CUBE-ISPU 2.0.0
2024-07-20 00:29:43,962 [INFO] ThirdParty:1030 - CMSIS Pack Vendor :STMicroelectronics X-CUBE-EEPRMA1 5.1.0
2024-07-20 00:29:43,962 [INFO] ThirdParty:1030 - CMSIS Pack Vendor :STMicroelectronics HAL Drivers 0.0.0
2024-07-20 00:29:43,962 [INFO] ThirdParty:1030 - CMSIS Pack Vendor :STMicroelectronics MBEDTLS 2.16.2
2024-07-20 00:29:43,962 [INFO] ThirdParty:1030 - CMSIS Pack Vendor :STMicroelectronics X-CUBE-ALS 1.0.2
2024-07-20 00:29:43,962 [INFO] ThirdParty:1030 - CMSIS Pack Vendor :emotas I-CUBE-CANOPEN 1.3.0
2024-07-20 00:29:43,962 [INFO] ThirdParty:1030 - CMSIS Pack Vendor :STMicroelectronics X-CUBE-MEMS1 10.0.0
2024-07-20 00:29:43,962 [INFO] ThirdParty:1030 - CMSIS Pack Vendor :STMicroelectronics X-CUBE-NFC7 1.0.1
2024-07-20 00:29:43,962 [INFO] ThirdParty:1030 - CMSIS Pack Vendor :STMicroelectronics MBEDTLS 2.14.1
2024-07-20 00:29:43,962 [INFO] ThirdParty:1030 - CMSIS Pack Vendor :STMicroelectronics X-CUBE-TOUCHGFX 4.24.0
2024-07-20 00:29:43,962 [INFO] ThirdParty:1030 - CMSIS Pack Vendor :ITTIA_DB I-CUBE-ITTIADB 8.9.0
2024-07-20 00:29:43,962 [INFO] ThirdParty:1030 - CMSIS Pack Vendor :wolfSSL I-CUBE-wolfTPM 3.2.0
2024-07-20 00:29:43,962 [INFO] ThirdParty:1030 - CMSIS Pack Vendor :portGmbH I-Cube-SoM-uGOAL 1.1.0
2024-07-20 00:29:43,962 [INFO] ThirdParty:1030 - CMSIS Pack Vendor :STMicroelectronics X-CUBE-ALS 1.0.1
2024-07-20 00:29:43,962 [INFO] ThirdParty:1030 - CMSIS Pack Vendor :STMicroelectronics X-CUBE-BLEMGR 3.1.0
2024-07-20 00:29:43,962 [INFO] ThirdParty:1030 - CMSIS Pack Vendor :STMicroelectronics ThreadX 1.0.0
2024-07-20 00:29:43,962 [INFO] ThirdParty:1030 - CMSIS Pack Vendor :STMicroelectronics FP-SNS-SMARTAG2 1.2.0
2024-07-20 00:29:43,962 [INFO] ThirdParty:1030 - CMSIS Pack Vendor :STMicroelectronics X-CUBE-AZRTOS-WL 2.0.0
2024-07-20 00:29:43,962 [INFO] ThirdParty:1030 - CMSIS Pack Vendor :SEGGER I-CUBE-embOS 1.3.1
2024-07-20 00:29:43,962 [INFO] ThirdParty:1030 - CMSIS Pack Vendor :STMicroelectronics X-CUBE-ALGOBUILD 1.4.0
2024-07-20 00:29:43,962 [INFO] ThirdParty:1030 - CMSIS Pack Vendor :STMicroelectronics FP-SNS-MOTENV1 5.0.0
2024-07-20 00:29:43,962 [INFO] ThirdParty:1030 - CMSIS Pack Vendor :STMicroelectronics USB_DEVICE 1.0.0
2024-07-20 00:29:43,962 [INFO] ThirdParty:1030 - CMSIS Pack Vendor :STMicroelectronics X-CUBE-AZRTOS-H7RS 1.0.0
2024-07-20 00:29:43,962 [INFO] ThirdParty:1030 - CMSIS Pack Vendor :wolfSSL I-CUBE-wolfMQTT 1.19.0
2024-07-20 00:29:43,962 [INFO] ThirdParty:1030 - CMSIS Pack Vendor :STMicroelectronics X-CUBE-AZRTOS-L4 2.0.0
2024-07-20 00:29:43,962 [INFO] ThirdParty:1030 - CMSIS Pack Vendor :STMicroelectronics ThreadX 0.0.2
2024-07-20 00:29:43,962 [INFO] ThirdParty:1030 - CMSIS Pack Vendor :WES I-CUBE-Cesium 1.3.0
2024-07-20 00:29:43,962 [INFO] ThirdParty:1030 - CMSIS Pack Vendor :STMicroelectronics FP-ATR-ASTRA1 2.0.0
2024-07-20 00:29:43,962 [INFO] ThirdParty:1030 - CMSIS Pack Vendor :STMicroelectronics lwIP 2.1.2
2024-07-20 00:29:43,962 [INFO] ThirdParty:1030 - CMSIS Pack Vendor :STMicroelectronics X-CUBE-SFXS2LP1 4.0.0
2024-07-20 00:29:43,962 [INFO] ThirdParty:1030 - CMSIS Pack Vendor :STMicroelectronics X-CUBE-BLE2 3.3.0
2024-07-20 00:29:43,963 [INFO] ThirdParty:1030 - CMSIS Pack Vendor :STMicroelectronics X-CUBE-TOF1 3.4.1
2024-07-20 00:29:43,963 [INFO] ThirdParty:1030 - CMSIS Pack Vendor :STMicroelectronics X-CUBE-AZRTOS-H7 3.2.0
2024-07-20 00:29:43,963 [INFO] ThirdParty:1030 - CMSIS Pack Vendor :Infineon AIROC-Wi-Fi-Bluetooth-STM32 1.6.0
2024-07-20 00:29:43,963 [INFO] ThirdParty:1030 - CMSIS Pack Vendor :STMicroelectronics PDM2PCM 3.2.0
2024-07-20 00:29:43,963 [INFO] ThirdParty:1030 - CMSIS Pack Vendor :wolfSSL I-CUBE-wolfSSH 1.4.17
2024-07-20 00:29:43,963 [INFO] ThirdParty:841 - exiting critical section [change project]
2024-07-20 00:29:44,007 [INFO] PinOutPanel:1561 - setPackage(No Configuration,No Configuration)
2024-07-20 00:29:44,008 [INFO] PinOutPanel:1561 - setPackage(STM32F103C8Tx,LQFP48)
2024-07-20 00:29:44,092 [INFO] UtilMem:75 - Before build in PCC Used Memory: 893733024 Bytes (1073741824)
2024-07-20 00:29:44,208 [INFO] UtilMem:75 - After build in PCC Used Memory: 655760608 Bytes (1073741824)
2024-07-20 00:29:44,215 [INFO] IPUIPlugin:80 - create IPUIPlugin
2024-07-20 00:29:44,215 [INFO] IPUIPlugin:80 - create IPUIPlugin
2024-07-20 00:29:44,215 [INFO] IPUIPlugin:80 - create IPUIPlugin
2024-07-20 00:29:44,215 [INFO] IPUIPlugin:80 - create IPUIPlugin
2024-07-20 00:29:44,216 [INFO] IPUIPlugin:80 - create IPUIPlugin
2024-07-20 00:29:44,216 [INFO] IPUIPlugin:80 - create IPUIPlugin
2024-07-20 00:29:44,216 [INFO] IPUIPlugin:80 - create IPUIPlugin
2024-07-20 00:29:44,216 [INFO] IPUIPlugin:80 - create IPUIPlugin
2024-07-20 00:29:44,216 [INFO] IPUIPlugin:80 - create IPUIPlugin
2024-07-20 00:29:44,216 [INFO] IPUIPlugin:80 - create IPUIPlugin
2024-07-20 00:29:44,216 [INFO] IPUIPlugin:80 - create IPUIPlugin
2024-07-20 00:29:44,216 [INFO] IPUIPlugin:80 - create IPUIPlugin
2024-07-20 00:29:44,216 [INFO] IPUIPlugin:80 - create IPUIPlugin
2024-07-20 00:29:44,216 [INFO] IPUIPlugin:80 - create IPUIPlugin
2024-07-20 00:29:44,216 [INFO] IPUIPlugin:80 - create IPUIPlugin
2024-07-20 00:29:44,216 [INFO] IPUIPlugin:80 - create IPUIPlugin
2024-07-20 00:29:44,216 [INFO] IPUIPlugin:80 - create IPUIPlugin
2024-07-20 00:29:44,216 [INFO] IPUIPlugin:80 - create IPUIPlugin
2024-07-20 00:29:44,217 [INFO] IPUIPlugin:80 - create IPUIPlugin
2024-07-20 00:29:44,217 [INFO] IPUIPlugin:80 - create IPUIPlugin
2024-07-20 00:29:44,217 [INFO] IPUIPlugin:80 - create IPUIPlugin
2024-07-20 00:29:44,217 [INFO] IPUIPlugin:80 - create IPUIPlugin
2024-07-20 00:29:44,217 [INFO] IPUIPlugin:80 - create IPUIPlugin
2024-07-20 00:29:44,217 [INFO] IPUIPlugin:80 - create IPUIPlugin
2024-07-20 00:29:44,217 [INFO] IPUIPlugin:80 - create IPUIPlugin
2024-07-20 00:29:44,217 [INFO] IPUIPlugin:80 - create IPUIPlugin
2024-07-20 00:29:44,217 [INFO] IPUIPlugin:80 - create IPUIPlugin
2024-07-20 00:29:44,218 [WARN] IP:2120 - I2C_Coeff_DF not found: check if there is a RefParameter without a condition.
2024-07-20 00:29:44,218 [WARN] IP:2120 - Analog_Filter not found: check if there is a RefParameter without a condition.
2024-07-20 00:29:44,246 [INFO] CADModel:165 - CPN selected for project levelSTM32F103C8T6
2024-07-20 00:29:44,246 [INFO] CADModel:114 - Register for checkConnection events
2024-07-20 00:29:44,295 [INFO] OpenFileManager:343 - Restore cursor
2024-07-20 00:29:44,382 [WARN] IP:2120 - I2C_Coeff_DF not found: check if there is a RefParameter without a condition.
2024-07-20 00:29:44,382 [WARN] IP:2120 - Analog_Filter not found: check if there is a RefParameter without a condition.
2024-07-20 00:29:44,382 [WARN] IP:2120 - I2C_Coeff_DF not found: check if there is a RefParameter without a condition.
2024-07-20 00:29:44,382 [WARN] IP:2120 - Analog_Filter not found: check if there is a RefParameter without a condition.
2024-07-20 00:29:50,974 [INFO] Gpio:277 - dependency for GPIO [I2C1, SYS]
2024-07-20 00:30:02,507 [WARN] IP:2120 - I2C_Coeff_DF not found: check if there is a RefParameter without a condition.
2024-07-20 00:30:02,507 [WARN] IP:2120 - Analog_Filter not found: check if there is a RefParameter without a condition.
2024-07-20 00:30:09,067 [WARN] IP:2120 - I2C_Coeff_DF not found: check if there is a RefParameter without a condition.
2024-07-20 00:30:09,067 [WARN] IP:2120 - Analog_Filter not found: check if there is a RefParameter without a condition.
2024-07-20 00:30:09,067 [WARN] IP:2120 - I2C_Coeff_DF not found: check if there is a RefParameter without a condition.
2024-07-20 00:30:09,067 [WARN] IP:2120 - Analog_Filter not found: check if there is a RefParameter without a condition.
2024-07-20 00:30:09,077 [INFO] NvicIntPanel:101 - NVIC parent = com.st.microxplorer.plugins.ip.nvic.MultiNvicIntPanel[,0,0,0x0,invalid,layout=javax.swing.BoxLayout,alignmentX=0.0,alignmentY=0.0,border=,flags=9,maximumSize=,minimumSize=,preferredSize=]
2024-07-20 00:30:09,086 [WARN] IP:2120 - I2C_Coeff_DF not found: check if there is a RefParameter without a condition.
2024-07-20 00:30:09,086 [WARN] IP:2120 - Analog_Filter not found: check if there is a RefParameter without a condition.
2024-07-20 00:30:09,088 [WARN] IP:2120 - I2C_Coeff_DF not found: check if there is a RefParameter without a condition.
2024-07-20 00:30:09,088 [WARN] IP:2120 - Analog_Filter not found: check if there is a RefParameter without a condition.
2024-07-20 00:30:09,885 [INFO] UtilMem:75 - End SaveConfig() Used Memory: 809226288 Bytes (1073741824)
2024-07-20 00:30:11,307 [INFO] UtilMem:75 - End SaveConfig() Used Memory: 828040256 Bytes (1073741824)
2024-07-20 00:30:16,743 [INFO] UtilMem:75 - End SaveConfig() Used Memory: 915132464 Bytes (1073741824)
2024-07-20 00:30:16,810 [INFO] BlockDiagram:2759 - set Specific Code input for plugin: NVIC
2024-07-20 00:30:16,810 [INFO] BlockDiagram:2759 - set Specific Code input for plugin: SYS
2024-07-20 00:30:16,810 [INFO] BlockDiagram:2759 - set Specific Code input for plugin: GPIO
2024-07-20 00:30:16,810 [INFO] BlockDiagram:2759 - set Specific Code input for plugin: RCC
2024-07-20 00:30:16,810 [INFO] BlockDiagram:2759 - set Specific Code input for plugin: I2C
2024-07-20 00:30:16,811 [INFO] CodeGenerator:807 - code generatio: config db path: C:\ST\STM32CubeIDE_1.15.1\STM32CubeIDE\plugins\com.st.stm32cube.common.mx_6.11.1.202404110753\\db\
2024-07-20 00:30:16,811 [WARN] IP:2120 - I2C_Coeff_DF not found: check if there is a RefParameter without a condition.
2024-07-20 00:30:16,812 [WARN] IP:2120 - Analog_Filter not found: check if there is a RefParameter without a condition.
2024-07-20 00:30:16,864 [INFO] CodeEngine:255 - oldGeneratedFile, C:\Users\Yoon\Desktop\Git\STM32\FirstClass\20240717_AM1008K\MXTmpFiles\license.tmp_save
2024-07-20 00:30:16,940 [INFO] CodeEngine:279 - Generated code: C:\Users\Yoon\Desktop\Git\STM32\FirstClass\20240717_AM1008K\MXTmpFiles\license.tmp
2024-07-20 00:30:16,971 [INFO] CodeEngine:255 - oldGeneratedFile, C:\Users\Yoon\Desktop\Git\STM32\FirstClass\20240717_AM1008K\MXTmpFiles\gpio.tmp_save
2024-07-20 00:30:17,031 [INFO] CodeEngine:279 - Generated code: C:\Users\Yoon\Desktop\Git\STM32\FirstClass\20240717_AM1008K\MXTmpFiles\gpio.tmp
2024-07-20 00:30:17,085 [INFO] CodeEngine:255 - oldGeneratedFile, C:\Users\Yoon\Desktop\Git\STM32\FirstClass\20240717_AM1008K\Core\Src\stm32f1xx_it.c_save
2024-07-20 00:30:17,150 [INFO] CodeEngine:279 - Generated code: C:\Users\Yoon\Desktop\Git\STM32\FirstClass\20240717_AM1008K\Core\Src\stm32f1xx_it.c
2024-07-20 00:30:17,161 [INFO] CodeEngine:255 - oldGeneratedFile, C:\Users\Yoon\Desktop\Git\STM32\FirstClass\20240717_AM1008K\Core\Inc\stm32f1xx_it.h_save
2024-07-20 00:30:17,215 [INFO] CodeEngine:279 - Generated code: C:\Users\Yoon\Desktop\Git\STM32\FirstClass\20240717_AM1008K\Core\Inc\stm32f1xx_it.h
2024-07-20 00:30:17,237 [INFO] CodeEngine:255 - oldGeneratedFile, C:\Users\Yoon\Desktop\Git\STM32\FirstClass\20240717_AM1008K\Core\Src\stm32f1xx_hal_msp.c_save
2024-07-20 00:30:17,311 [INFO] CodeEngine:279 - Generated code: C:\Users\Yoon\Desktop\Git\STM32\FirstClass\20240717_AM1008K\Core\Src\stm32f1xx_hal_msp.c
2024-07-20 00:30:17,319 [INFO] CodeEngine:255 - oldGeneratedFile, C:\Users\Yoon\Desktop\Git\STM32\FirstClass\20240717_AM1008K\MXTmpFiles\system.tmp_save
2024-07-20 00:30:17,366 [INFO] CodeEngine:279 - Generated code: C:\Users\Yoon\Desktop\Git\STM32\FirstClass\20240717_AM1008K\MXTmpFiles\system.tmp
2024-07-20 00:30:17,388 [INFO] CodeEngine:311 - oldGeneratedFile, C:\Users\Yoon\Desktop\Git\STM32\FirstClass\20240717_AM1008K\Core\Inc\stm32f1xx_hal_conf.h_save
2024-07-20 00:30:17,453 [INFO] CodeEngine:335 - Generated code: C:\Users\Yoon\Desktop\Git\STM32\FirstClass\20240717_AM1008K\Core\Inc\stm32f1xx_hal_conf.h
2024-07-20 00:30:17,484 [INFO] CodeEngine:255 - oldGeneratedFile, C:\Users\Yoon\Desktop\Git\STM32\FirstClass\20240717_AM1008K\Core\Inc\main.h_save
2024-07-20 00:30:17,540 [INFO] CodeEngine:279 - Generated code: C:\Users\Yoon\Desktop\Git\STM32\FirstClass\20240717_AM1008K\Core\Inc\main.h
2024-07-20 00:30:17,555 [INFO] CodeEngine:255 - oldGeneratedFile, C:\Users\Yoon\Desktop\Git\STM32\FirstClass\20240717_AM1008K\Core\Src\main.c_save
2024-07-20 00:30:17,638 [INFO] CodeEngine:279 - Generated code: C:\Users\Yoon\Desktop\Git\STM32\FirstClass\20240717_AM1008K\Core\Src\main.c
2024-07-20 00:30:18,009 [INFO] ProjectBuilder:3163 - Time for Copy HAL[1] : 263mS.
2024-07-20 00:30:18,016 [INFO] ProjectBuilder:4736 - Project Generator version: 4.3.0-B58
2024-07-20 00:30:18,073 [INFO] ConfigFileManager:1503 - The Die is : DIE410
2024-07-20 00:30:18,075 [INFO] ApiDbMcu:508 - Load IP Config File for FATFS
2024-07-20 00:30:18,077 [INFO] ApiDbMcu:508 - Load IP Config File for FREERTOS
2024-07-20 00:30:18,080 [INFO] ApiDbMcu:508 - Load IP Config File for USB_DEVICE
2024-07-20 00:30:18,775 [INFO] ProjectBuilder:5002 - Time for Generating toolchain IDE Files: 759mS.
2024-07-20 00:30:18,776 [INFO] ProjectBuilder:3034 - Time for Copy CMSIS : 0mS.
2024-07-20 00:30:18,783 [INFO] ProjectBuilder:3034 - Time for Copy CMSIS : 0mS.
2024-07-20 00:53:26,453 [INFO] Gpio:277 - dependency for GPIO [I2C1, SYS]
2024-07-20 01:36:57,182 [WARN] IP:2120 - I2C_Coeff_DF not found: check if there is a RefParameter without a condition.
2024-07-20 01:36:57,182 [WARN] IP:2120 - Analog_Filter not found: check if there is a RefParameter without a condition.
2024-07-20 01:36:59,269 [WARN] IP:2120 - I2C_Coeff_DF not found: check if there is a RefParameter without a condition.
2024-07-20 01:36:59,269 [WARN] IP:2120 - Analog_Filter not found: check if there is a RefParameter without a condition.
2024-07-20 01:37:04,917 [INFO] NvicIntPanel:101 - NVIC parent = com.st.microxplorer.plugins.ip.nvic.MultiNvicIntPanel[,0,0,752x140,layout=javax.swing.BoxLayout,alignmentX=0.0,alignmentY=0.0,border=,flags=9,maximumSize=,minimumSize=,preferredSize=]
2024-07-20 01:38:07,355 [INFO] Gpio:277 - dependency for GPIO [I2C1, SYS]
2024-07-20 01:47:59,435 [INFO] UtilMem:75 - End SaveConfig() Used Memory: 833375992 Bytes (1073741824)
2024-07-20 01:48:00,837 [INFO] UtilMem:75 - End SaveConfig() Used Memory: 907257272 Bytes (1073741824)
2024-07-20 01:48:00,960 [INFO] UtilMem:75 - End SaveConfig() Used Memory: 959686072 Bytes (1073741824)
2024-07-20 01:48:01,038 [INFO] BlockDiagram:2759 - set Specific Code input for plugin: NVIC
2024-07-20 01:48:01,038 [INFO] BlockDiagram:2759 - set Specific Code input for plugin: SYS
2024-07-20 01:48:01,038 [INFO] BlockDiagram:2759 - set Specific Code input for plugin: GPIO
2024-07-20 01:48:01,038 [INFO] BlockDiagram:2759 - set Specific Code input for plugin: RCC
2024-07-20 01:48:01,038 [INFO] BlockDiagram:2759 - set Specific Code input for plugin: I2C
2024-07-20 01:48:01,039 [INFO] CodeGenerator:807 - code generatio: config db path: C:\ST\STM32CubeIDE_1.15.1\STM32CubeIDE\plugins\com.st.stm32cube.common.mx_6.11.1.202404110753\\db\
2024-07-20 01:48:01,040 [WARN] IP:2120 - I2C_Coeff_DF not found: check if there is a RefParameter without a condition.
2024-07-20 01:48:01,040 [WARN] IP:2120 - Analog_Filter not found: check if there is a RefParameter without a condition.
2024-07-20 01:48:01,108 [INFO] CodeEngine:255 - oldGeneratedFile, C:\Users\Yoon\Desktop\Git\STM32\FirstClass\20240717_AM1008K\MXTmpFiles\license.tmp_save
2024-07-20 01:48:01,171 [INFO] CodeEngine:279 - Generated code: C:\Users\Yoon\Desktop\Git\STM32\FirstClass\20240717_AM1008K\MXTmpFiles\license.tmp
2024-07-20 01:48:01,198 [INFO] CodeEngine:255 - oldGeneratedFile, C:\Users\Yoon\Desktop\Git\STM32\FirstClass\20240717_AM1008K\MXTmpFiles\gpio.tmp_save
2024-07-20 01:48:01,248 [INFO] CodeEngine:279 - Generated code: C:\Users\Yoon\Desktop\Git\STM32\FirstClass\20240717_AM1008K\MXTmpFiles\gpio.tmp
2024-07-20 01:48:01,305 [INFO] CodeEngine:255 - oldGeneratedFile, C:\Users\Yoon\Desktop\Git\STM32\FirstClass\20240717_AM1008K\Core\Src\stm32f1xx_it.c_save
2024-07-20 01:48:01,403 [INFO] CodeEngine:279 - Generated code: C:\Users\Yoon\Desktop\Git\STM32\FirstClass\20240717_AM1008K\Core\Src\stm32f1xx_it.c
2024-07-20 01:48:01,419 [INFO] CodeEngine:255 - oldGeneratedFile, C:\Users\Yoon\Desktop\Git\STM32\FirstClass\20240717_AM1008K\Core\Inc\stm32f1xx_it.h_save
2024-07-20 01:48:01,477 [INFO] CodeEngine:279 - Generated code: C:\Users\Yoon\Desktop\Git\STM32\FirstClass\20240717_AM1008K\Core\Inc\stm32f1xx_it.h
2024-07-20 01:48:01,505 [INFO] CodeEngine:255 - oldGeneratedFile, C:\Users\Yoon\Desktop\Git\STM32\FirstClass\20240717_AM1008K\Core\Src\stm32f1xx_hal_msp.c_save
2024-07-20 01:48:01,599 [INFO] CodeEngine:279 - Generated code: C:\Users\Yoon\Desktop\Git\STM32\FirstClass\20240717_AM1008K\Core\Src\stm32f1xx_hal_msp.c
2024-07-20 01:48:01,612 [INFO] CodeEngine:255 - oldGeneratedFile, C:\Users\Yoon\Desktop\Git\STM32\FirstClass\20240717_AM1008K\MXTmpFiles\system.tmp_save
2024-07-20 01:48:01,660 [INFO] CodeEngine:279 - Generated code: C:\Users\Yoon\Desktop\Git\STM32\FirstClass\20240717_AM1008K\MXTmpFiles\system.tmp
2024-07-20 01:48:01,686 [INFO] CodeEngine:311 - oldGeneratedFile, C:\Users\Yoon\Desktop\Git\STM32\FirstClass\20240717_AM1008K\Core\Inc\stm32f1xx_hal_conf.h_save
2024-07-20 01:48:01,755 [INFO] CodeEngine:335 - Generated code: C:\Users\Yoon\Desktop\Git\STM32\FirstClass\20240717_AM1008K\Core\Inc\stm32f1xx_hal_conf.h
2024-07-20 01:48:01,790 [INFO] CodeEngine:255 - oldGeneratedFile, C:\Users\Yoon\Desktop\Git\STM32\FirstClass\20240717_AM1008K\Core\Inc\main.h_save
2024-07-20 01:48:01,859 [INFO] CodeEngine:279 - Generated code: C:\Users\Yoon\Desktop\Git\STM32\FirstClass\20240717_AM1008K\Core\Inc\main.h
2024-07-20 01:48:01,878 [INFO] CodeEngine:255 - oldGeneratedFile, C:\Users\Yoon\Desktop\Git\STM32\FirstClass\20240717_AM1008K\Core\Src\main.c_save
2024-07-20 01:48:01,962 [INFO] CodeEngine:279 - Generated code: C:\Users\Yoon\Desktop\Git\STM32\FirstClass\20240717_AM1008K\Core\Src\main.c
2024-07-20 01:48:02,381 [INFO] ProjectBuilder:3163 - Time for Copy HAL[1] : 288mS.
2024-07-20 01:48:02,388 [INFO] ProjectBuilder:4736 - Project Generator version: 4.3.0-B58
2024-07-20 01:48:02,442 [INFO] ConfigFileManager:1503 - The Die is : DIE410
2024-07-20 01:48:03,430 [INFO] ProjectBuilder:5002 - Time for Generating toolchain IDE Files: 1042mS.
2024-07-20 01:48:03,431 [INFO] ProjectBuilder:3034 - Time for Copy CMSIS : 1mS.
2024-07-20 01:48:03,438 [INFO] ProjectBuilder:3034 - Time for Copy CMSIS : 0mS.
2024-07-20 16:02:42,307 [WARN] IP:2120 - I2C_Coeff_DF not found: check if there is a RefParameter without a condition.
2024-07-20 16:02:42,307 [WARN] IP:2120 - Analog_Filter not found: check if there is a RefParameter without a condition.
2024-07-20 16:02:45,142 [INFO] NvicIntPanel:101 - NVIC parent = com.st.microxplorer.plugins.ip.nvic.MultiNvicIntPanel[,0,0,752x110,layout=javax.swing.BoxLayout,alignmentX=0.0,alignmentY=0.0,border=,flags=9,maximumSize=,minimumSize=,preferredSize=]
2024-07-20 16:02:46,762 [WARN] IP:2120 - I2C_Coeff_DF not found: check if there is a RefParameter without a condition.
2024-07-20 16:02:46,762 [WARN] IP:2120 - Analog_Filter not found: check if there is a RefParameter without a condition.
2024-07-20 16:16:17,423 [WARN] IP:2120 - I2C_Coeff_DF not found: check if there is a RefParameter without a condition.
2024-07-20 16:16:17,424 [WARN] IP:2120 - Analog_Filter not found: check if there is a RefParameter without a condition.
2024-07-20 16:16:17,424 [WARN] IP:2120 - I2C_Coeff_DF not found: check if there is a RefParameter without a condition.
2024-07-20 16:16:17,424 [WARN] IP:2120 - Analog_Filter not found: check if there is a RefParameter without a condition.
2024-07-20 16:16:17,435 [INFO] NvicIntPanel:101 - NVIC parent = com.st.microxplorer.plugins.ip.nvic.MultiNvicIntPanel[,0,0,0x0,invalid,layout=javax.swing.BoxLayout,alignmentX=0.0,alignmentY=0.0,border=,flags=9,maximumSize=,minimumSize=,preferredSize=]
2024-07-20 16:16:17,445 [WARN] IP:2120 - I2C_Coeff_DF not found: check if there is a RefParameter without a condition.
2024-07-20 16:16:17,445 [WARN] IP:2120 - Analog_Filter not found: check if there is a RefParameter without a condition.
2024-07-20 16:16:17,448 [WARN] IP:2120 - I2C_Coeff_DF not found: check if there is a RefParameter without a condition.
2024-07-20 16:16:17,448 [WARN] IP:2120 - Analog_Filter not found: check if there is a RefParameter without a condition.
2024-07-20 16:16:37,318 [INFO] Gpio:277 - dependency for GPIO [I2C1, SYS]
2024-07-20 16:16:50,895 [INFO] Gpio:277 - dependency for GPIO [I2C1, SYS]
2024-07-20 16:16:53,538 [INFO] Gpio:277 - dependency for GPIO [I2C1, SYS]
2024-07-20 16:16:56,173 [INFO] Gpio:277 - dependency for GPIO [I2C1, SYS]
2024-07-20 16:18:18,253 [INFO] UtilMem:75 - End SaveConfig() Used Memory: 756867112 Bytes (1073741824)
2024-07-20 16:18:19,747 [INFO] UtilMem:75 - End SaveConfig() Used Memory: 788967976 Bytes (1073741824)
2024-07-20 16:18:21,455 [INFO] UtilMem:75 - End SaveConfig() Used Memory: 845473832 Bytes (1073741824)
2024-07-20 16:18:21,534 [INFO] BlockDiagram:2759 - set Specific Code input for plugin: NVIC
2024-07-20 16:18:21,534 [INFO] BlockDiagram:2759 - set Specific Code input for plugin: SYS
2024-07-20 16:18:21,535 [INFO] BlockDiagram:2759 - set Specific Code input for plugin: GPIO
2024-07-20 16:18:21,535 [INFO] BlockDiagram:2759 - set Specific Code input for plugin: RCC
2024-07-20 16:18:21,535 [INFO] BlockDiagram:2759 - set Specific Code input for plugin: I2C
2024-07-20 16:18:21,536 [INFO] CodeGenerator:807 - code generatio: config db path: C:\ST\STM32CubeIDE_1.15.1\STM32CubeIDE\plugins\com.st.stm32cube.common.mx_6.11.1.202404110753\\db\
2024-07-20 16:18:21,537 [WARN] IP:2120 - I2C_Coeff_DF not found: check if there is a RefParameter without a condition.
2024-07-20 16:18:21,537 [WARN] IP:2120 - Analog_Filter not found: check if there is a RefParameter without a condition.
2024-07-20 16:18:21,613 [INFO] CodeEngine:255 - oldGeneratedFile, C:\Users\Yoon\Desktop\Git\STM32\FirstClass\20240717_AM1008K\MXTmpFiles\license.tmp_save
2024-07-20 16:18:21,686 [INFO] CodeEngine:279 - Generated code: C:\Users\Yoon\Desktop\Git\STM32\FirstClass\20240717_AM1008K\MXTmpFiles\license.tmp
2024-07-20 16:18:21,719 [INFO] CodeEngine:255 - oldGeneratedFile, C:\Users\Yoon\Desktop\Git\STM32\FirstClass\20240717_AM1008K\MXTmpFiles\gpio.tmp_save
2024-07-20 16:18:21,793 [INFO] CodeEngine:279 - Generated code: C:\Users\Yoon\Desktop\Git\STM32\FirstClass\20240717_AM1008K\MXTmpFiles\gpio.tmp
2024-07-20 16:18:21,857 [INFO] CodeEngine:255 - oldGeneratedFile, C:\Users\Yoon\Desktop\Git\STM32\FirstClass\20240717_AM1008K\Core\Src\stm32f1xx_it.c_save
2024-07-20 16:18:21,960 [INFO] CodeEngine:279 - Generated code: C:\Users\Yoon\Desktop\Git\STM32\FirstClass\20240717_AM1008K\Core\Src\stm32f1xx_it.c
2024-07-20 16:18:21,977 [INFO] CodeEngine:255 - oldGeneratedFile, C:\Users\Yoon\Desktop\Git\STM32\FirstClass\20240717_AM1008K\Core\Inc\stm32f1xx_it.h_save
2024-07-20 16:18:22,040 [INFO] CodeEngine:279 - Generated code: C:\Users\Yoon\Desktop\Git\STM32\FirstClass\20240717_AM1008K\Core\Inc\stm32f1xx_it.h
2024-07-20 16:18:22,066 [INFO] CodeEngine:255 - oldGeneratedFile, C:\Users\Yoon\Desktop\Git\STM32\FirstClass\20240717_AM1008K\Core\Src\stm32f1xx_hal_msp.c_save
2024-07-20 16:18:22,157 [INFO] CodeEngine:279 - Generated code: C:\Users\Yoon\Desktop\Git\STM32\FirstClass\20240717_AM1008K\Core\Src\stm32f1xx_hal_msp.c
2024-07-20 16:18:22,171 [INFO] CodeEngine:255 - oldGeneratedFile, C:\Users\Yoon\Desktop\Git\STM32\FirstClass\20240717_AM1008K\MXTmpFiles\system.tmp_save
2024-07-20 16:18:22,222 [INFO] CodeEngine:279 - Generated code: C:\Users\Yoon\Desktop\Git\STM32\FirstClass\20240717_AM1008K\MXTmpFiles\system.tmp
2024-07-20 16:18:22,246 [INFO] CodeEngine:311 - oldGeneratedFile, C:\Users\Yoon\Desktop\Git\STM32\FirstClass\20240717_AM1008K\Core\Inc\stm32f1xx_hal_conf.h_save
2024-07-20 16:18:22,309 [INFO] CodeEngine:335 - Generated code: C:\Users\Yoon\Desktop\Git\STM32\FirstClass\20240717_AM1008K\Core\Inc\stm32f1xx_hal_conf.h
2024-07-20 16:18:22,343 [INFO] CodeEngine:255 - oldGeneratedFile, C:\Users\Yoon\Desktop\Git\STM32\FirstClass\20240717_AM1008K\Core\Inc\main.h_save
2024-07-20 16:18:22,410 [INFO] CodeEngine:279 - Generated code: C:\Users\Yoon\Desktop\Git\STM32\FirstClass\20240717_AM1008K\Core\Inc\main.h
2024-07-20 16:18:22,427 [INFO] CodeEngine:255 - oldGeneratedFile, C:\Users\Yoon\Desktop\Git\STM32\FirstClass\20240717_AM1008K\Core\Src\main.c_save
2024-07-20 16:18:22,517 [INFO] CodeEngine:279 - Generated code: C:\Users\Yoon\Desktop\Git\STM32\FirstClass\20240717_AM1008K\Core\Src\main.c
2024-07-20 16:18:22,903 [INFO] ProjectBuilder:3163 - Time for Copy HAL[1] : 259mS.
2024-07-20 16:18:22,910 [INFO] ProjectBuilder:4736 - Project Generator version: 4.3.0-B58
2024-07-20 16:18:22,962 [INFO] ConfigFileManager:1503 - The Die is : DIE410
2024-07-20 16:18:23,751 [INFO] ProjectBuilder:5002 - Time for Generating toolchain IDE Files: 841mS.
2024-07-20 16:18:23,753 [INFO] ProjectBuilder:3034 - Time for Copy CMSIS : 1mS.
2024-07-20 16:18:23,762 [INFO] ProjectBuilder:3034 - Time for Copy CMSIS : 1mS.
2024-07-20 16:25:32,972 [INFO] UtilMem:75 - End SaveConfig() Used Memory: 867793168 Bytes (1073741824)
2024-07-20 16:25:34,176 [INFO] UtilMem:75 - End SaveConfig() Used Memory: 894104232 Bytes (1073741824)
2024-07-20 16:25:35,520 [INFO] UtilMem:75 - End SaveConfig() Used Memory: 660390144 Bytes (1073741824)
2024-07-20 16:25:35,588 [INFO] BlockDiagram:2759 - set Specific Code input for plugin: NVIC
2024-07-20 16:25:35,588 [INFO] BlockDiagram:2759 - set Specific Code input for plugin: SYS
2024-07-20 16:25:35,588 [INFO] BlockDiagram:2759 - set Specific Code input for plugin: GPIO
2024-07-20 16:25:35,588 [INFO] BlockDiagram:2759 - set Specific Code input for plugin: RCC
2024-07-20 16:25:35,588 [INFO] BlockDiagram:2759 - set Specific Code input for plugin: I2C
2024-07-20 16:25:35,589 [INFO] CodeGenerator:807 - code generatio: config db path: C:\ST\STM32CubeIDE_1.15.1\STM32CubeIDE\plugins\com.st.stm32cube.common.mx_6.11.1.202404110753\\db\
2024-07-20 16:25:35,590 [WARN] IP:2120 - I2C_Coeff_DF not found: check if there is a RefParameter without a condition.
2024-07-20 16:25:35,590 [WARN] IP:2120 - Analog_Filter not found: check if there is a RefParameter without a condition.
2024-07-20 16:25:35,631 [INFO] CodeEngine:255 - oldGeneratedFile, C:\Users\Yoon\Desktop\Git\STM32\FirstClass\20240717_AM1008K\MXTmpFiles\license.tmp_save
2024-07-20 16:25:35,694 [INFO] CodeEngine:279 - Generated code: C:\Users\Yoon\Desktop\Git\STM32\FirstClass\20240717_AM1008K\MXTmpFiles\license.tmp
2024-07-20 16:25:35,712 [INFO] CodeEngine:255 - oldGeneratedFile, C:\Users\Yoon\Desktop\Git\STM32\FirstClass\20240717_AM1008K\MXTmpFiles\gpio.tmp_save
2024-07-20 16:25:35,767 [INFO] CodeEngine:279 - Generated code: C:\Users\Yoon\Desktop\Git\STM32\FirstClass\20240717_AM1008K\MXTmpFiles\gpio.tmp
2024-07-20 16:25:35,801 [INFO] CodeEngine:255 - oldGeneratedFile, C:\Users\Yoon\Desktop\Git\STM32\FirstClass\20240717_AM1008K\Core\Src\stm32f1xx_it.c_save
2024-07-20 16:25:35,896 [INFO] CodeEngine:279 - Generated code: C:\Users\Yoon\Desktop\Git\STM32\FirstClass\20240717_AM1008K\Core\Src\stm32f1xx_it.c
2024-07-20 16:25:35,907 [INFO] CodeEngine:255 - oldGeneratedFile, C:\Users\Yoon\Desktop\Git\STM32\FirstClass\20240717_AM1008K\Core\Inc\stm32f1xx_it.h_save
2024-07-20 16:25:35,961 [INFO] CodeEngine:279 - Generated code: C:\Users\Yoon\Desktop\Git\STM32\FirstClass\20240717_AM1008K\Core\Inc\stm32f1xx_it.h
2024-07-20 16:25:35,984 [INFO] CodeEngine:255 - oldGeneratedFile, C:\Users\Yoon\Desktop\Git\STM32\FirstClass\20240717_AM1008K\Core\Src\stm32f1xx_hal_msp.c_save
2024-07-20 16:25:36,076 [INFO] CodeEngine:279 - Generated code: C:\Users\Yoon\Desktop\Git\STM32\FirstClass\20240717_AM1008K\Core\Src\stm32f1xx_hal_msp.c
2024-07-20 16:25:36,085 [INFO] CodeEngine:255 - oldGeneratedFile, C:\Users\Yoon\Desktop\Git\STM32\FirstClass\20240717_AM1008K\MXTmpFiles\system.tmp_save
2024-07-20 16:25:36,132 [INFO] CodeEngine:279 - Generated code: C:\Users\Yoon\Desktop\Git\STM32\FirstClass\20240717_AM1008K\MXTmpFiles\system.tmp
2024-07-20 16:25:36,152 [INFO] CodeEngine:311 - oldGeneratedFile, C:\Users\Yoon\Desktop\Git\STM32\FirstClass\20240717_AM1008K\Core\Inc\stm32f1xx_hal_conf.h_save
2024-07-20 16:25:36,214 [INFO] CodeEngine:335 - Generated code: C:\Users\Yoon\Desktop\Git\STM32\FirstClass\20240717_AM1008K\Core\Inc\stm32f1xx_hal_conf.h
2024-07-20 16:25:36,244 [INFO] CodeEngine:255 - oldGeneratedFile, C:\Users\Yoon\Desktop\Git\STM32\FirstClass\20240717_AM1008K\Core\Inc\main.h_save
2024-07-20 16:25:36,304 [INFO] CodeEngine:279 - Generated code: C:\Users\Yoon\Desktop\Git\STM32\FirstClass\20240717_AM1008K\Core\Inc\main.h
2024-07-20 16:25:36,318 [INFO] CodeEngine:255 - oldGeneratedFile, C:\Users\Yoon\Desktop\Git\STM32\FirstClass\20240717_AM1008K\Core\Src\main.c_save
2024-07-20 16:25:36,399 [INFO] CodeEngine:279 - Generated code: C:\Users\Yoon\Desktop\Git\STM32\FirstClass\20240717_AM1008K\Core\Src\main.c
2024-07-20 16:25:36,833 [INFO] ProjectBuilder:3163 - Time for Copy HAL[1] : 293mS.
2024-07-20 16:25:36,841 [INFO] ProjectBuilder:4736 - Project Generator version: 4.3.0-B58
2024-07-20 16:25:36,887 [INFO] ConfigFileManager:1503 - The Die is : DIE410
2024-07-20 16:25:37,580 [INFO] ProjectBuilder:5002 - Time for Generating toolchain IDE Files: 738mS.
2024-07-20 16:25:37,581 [INFO] ProjectBuilder:3034 - Time for Copy CMSIS : 1mS.
2024-07-20 16:25:37,590 [INFO] ProjectBuilder:3034 - Time for Copy CMSIS : 1mS.
2024-07-20 16:26:03,235 [WARN] IP:2120 - I2C_Coeff_DF not found: check if there is a RefParameter without a condition.
2024-07-20 16:26:03,235 [WARN] IP:2120 - Analog_Filter not found: check if there is a RefParameter without a condition.
2024-07-20 16:26:06,247 [INFO] Gpio:277 - dependency for GPIO [I2C1, SYS]
2024-07-20 16:26:08,761 [WARN] IP:2120 - I2C_Coeff_DF not found: check if there is a RefParameter without a condition.
2024-07-20 16:26:08,761 [WARN] IP:2120 - Analog_Filter not found: check if there is a RefParameter without a condition.
2024-07-20 16:26:11,865 [INFO] NvicIntPanel:101 - NVIC parent = com.st.microxplorer.plugins.ip.nvic.MultiNvicIntPanel[,0,0,955x352,layout=javax.swing.BoxLayout,alignmentX=0.0,alignmentY=0.0,border=,flags=9,maximumSize=,minimumSize=,preferredSize=]
2024-07-20 16:26:12,979 [WARN] IP:2120 - I2C_Coeff_DF not found: check if there is a RefParameter without a condition.
2024-07-20 16:26:12,979 [WARN] IP:2120 - Analog_Filter not found: check if there is a RefParameter without a condition.
2024-07-20 16:57:50,051 [INFO] MainUpdater:2873 - connection check result : 10
2024-07-20 16:57:50,051 [INFO] MainUpdater:2873 - connection check result : 10
2024-07-20 16:57:50,106 [INFO] MicroXplorer:468 - Change Database Path : 
2024-07-20 16:57:50,106 [INFO] MicroXplorer:498 - Change Database Version : DB.6.0.111
2024-07-20 16:57:50,114 [ERROR] ProjectManagerView:394 - 
java.lang.NullPointerException: Cannot invoke "javax.swing.JTextField.getText()" because the return value of "java.util.List.get(int)" is null
	at com.st.microxplorer.plugins.projectmanager.gui.ProjectChoiceTab$10.caretUpdate(ProjectChoiceTab.java:2504) ~[filemanager.jar:?]
	at javax.swing.text.JTextComponent.fireCaretUpdate(JTextComponent.java:412) ~[?:?]
	at javax.swing.text.JTextComponent$MutableCaretEvent.fire(JTextComponent.java:4491) ~[?:?]
	at javax.swing.text.JTextComponent$MutableCaretEvent.stateChanged(JTextComponent.java:4513) ~[?:?]
	at javax.swing.text.DefaultCaret.fireStateChanged(DefaultCaret.java:842) ~[?:?]
	at javax.swing.text.DefaultCaret.changeCaretPosition(DefaultCaret.java:1313) ~[?:?]
	at javax.swing.text.DefaultCaret.handleSetDot(DefaultCaret.java:1212) ~[?:?]
	at javax.swing.text.DefaultCaret.setDot(DefaultCaret.java:1193) ~[?:?]
	at javax.swing.text.DefaultCaret$Handler.insertUpdate(DefaultCaret.java:1789) ~[?:?]
	at javax.swing.text.AbstractDocument.fireInsertUpdate(AbstractDocument.java:226) ~[?:?]
	at javax.swing.text.AbstractDocument.handleInsertString(AbstractDocument.java:780) ~[?:?]
	at javax.swing.text.AbstractDocument.insertString(AbstractDocument.java:739) ~[?:?]
	at javax.swing.text.PlainDocument.insertString(PlainDocument.java:131) ~[?:?]
	at javax.swing.text.AbstractDocument.replace(AbstractDocument.java:698) ~[?:?]
	at javax.swing.text.JTextComponent.setText(JTextComponent.java:1729) ~[?:?]
	at com.st.microxplorer.plugins.projectmanager.gui.ProjectChoiceTab.createHeapStackFields(ProjectChoiceTab.java:944) ~[filemanager.jar:?]
	at com.st.microxplorer.plugins.projectmanager.gui.ProjectChoiceTab.buildLinkSettingsPanel(ProjectChoiceTab.java:3475) ~[filemanager.jar:?]
	at com.st.microxplorer.plugins.projectmanager.gui.ProjectChoiceTab.defineWindowsFields(ProjectChoiceTab.java:1816) ~[filemanager.jar:?]
	at com.st.microxplorer.plugins.projectmanager.gui.ProjectChoiceTab.updateSettings(ProjectChoiceTab.java:544) ~[filemanager.jar:?]
	at com.st.microxplorer.plugins.projectmanager.gui.ProjectSettingsPanel.UpdateDialog(ProjectSettingsPanel.java:245) ~[filemanager.jar:?]
	at com.st.microxplorer.plugins.projectmanager.ProjectManagerView.propertyChange(ProjectManagerView.java:391) ~[filemanager.jar:?]
	at java.beans.PropertyChangeSupport.fire(PropertyChangeSupport.java:343) ~[?:?]
	at java.beans.PropertyChangeSupport.firePropertyChange(PropertyChangeSupport.java:335) ~[?:?]
	at java.beans.PropertyChangeSupport.firePropertyChange(PropertyChangeSupport.java:268) ~[?:?]
	at com.st.microxplorer.util.MXPropertyChangeSupport.firePropertyChange(MXPropertyChangeSupport.java:54) ~[STM32CubeMX.jar:?]
	at com.st.microxplorer.mxsystem.MxSystem.closeConfig(MxSystem.java:900) ~[STM32CubeMX.jar:?]
	at com.st.microxplorer.maingui.MainPanel.closeConfig(MainPanel.java:776) ~[STM32CubeMX.jar:?]
	at com.st.microxplorer.plugins.filemanager.engine.OpenFileManager.loadConfigurationFile(OpenFileManager.java:245) ~[filemanager.jar:?]
	at com.st.microxplorer.plugins.filemanager.engine.MainFileManager.userLoadConfig(MainFileManager.java:315) ~[filemanager.jar:?]
	at com.st.microxplorer.plugins.filemanager.engine.MainFileManager.userLoadConfig(MainFileManager.java:293) ~[filemanager.jar:?]
	at com.st.microxplorer.plugins.filemanager.FileManagerView.getSpecificTask(FileManagerView.java:247) ~[filemanager.jar:?]
	at com.st.stm32cube.common.mx.editor.CubeMxEditor.getMxTabbedPaneInstance(CubeMxEditor.java:1198) ~[com.st.stm32cube.common.mx_6.11.1.202404110753/:?]
	at com.st.stm32cube.common.mx.editor.CubeMxEditor$12$1.createSwingComponent(CubeMxEditor.java:1068) ~[com.st.stm32cube.common.mx_6.11.1.202404110753/:?]
	at com.st.stm32cube.common.mx.oss.core.awtswtbridge.EmbeddedSwingComposite.doComponentCreation(EmbeddedSwingComposite.java:492) ~[com.st.stm32cube.common.mx.oss_6.11.1.202404110753/:?]
	at com.st.stm32cube.common.mx.oss.core.awtswtbridge.EmbeddedSwingComposite$4.run(EmbeddedSwingComposite.java:291) ~[com.st.stm32cube.common.mx.oss_6.11.1.202404110753/:?]
	at com.st.stm32cube.common.mx.oss.core.awtswtbridge.AwtEnvironment$2.run(AwtEnvironment.java:166) ~[com.st.stm32cube.common.mx.oss_6.11.1.202404110753/:?]
	at java.awt.event.InvocationEvent.dispatch(InvocationEvent.java:318) ~[?:?]
	at java.awt.EventQueue.dispatchEventImpl(EventQueue.java:773) ~[?:?]
	at java.awt.EventQueue$4.run(EventQueue.java:720) ~[?:?]
	at java.awt.EventQueue$4.run(EventQueue.java:714) ~[?:?]
	at java.security.AccessController.doPrivileged(AccessController.java:399) ~[?:?]
	at java.security.ProtectionDomain$JavaSecurityAccessImpl.doIntersectionPrivilege(ProtectionDomain.java:86) ~[?:?]
	at java.awt.EventQueue.dispatchEvent(EventQueue.java:742) ~[?:?]
	at java.awt.EventDispatchThread.pumpOneEventForFilters(EventDispatchThread.java:203) ~[?:?]
	at java.awt.EventDispatchThread.pumpEventsForFilter(EventDispatchThread.java:124) ~[?:?]
	at java.awt.EventDispatchThread.pumpEventsForHierarchy(EventDispatchThread.java:113) ~[?:?]
	at java.awt.EventDispatchThread.pumpEvents(EventDispatchThread.java:109) ~[?:?]
	at java.awt.EventDispatchThread.pumpEvents(EventDispatchThread.java:101) ~[?:?]
	at java.awt.EventDispatchThread.run(EventDispatchThread.java:90) ~[?:?]
2024-07-20 16:57:50,114 [WARN] ThirdParty:871 - waiting for thirdparty lock release [close project]
2024-07-20 16:57:50,114 [INFO] ThirdParty:873 - entering critical section [close project]
2024-07-20 16:57:50,114 [INFO] ThirdParty:883 - exiting critical section [close project]
2024-07-20 16:57:50,115 [INFO] PinOutPanel:1561 - setPackage(No Configuration,No Configuration)
2024-07-20 16:57:50,119 [INFO] UtilMem:75 - Begin LoadConfig() Used Memory: 664377160 Bytes (1073741824)
2024-07-20 16:57:50,120 [INFO] MicroXplorer:468 - Change Database Path : 
2024-07-20 16:57:50,120 [INFO] MicroXplorer:498 - Change Database Version : DB.6.0.111
2024-07-20 16:57:50,120 [INFO] OpenFileManager:312 - Change cursor
2024-07-20 16:57:50,136 [INFO] RulesReader:64 - Compatibility file has been processed (297 Rules)
2024-07-20 16:57:50,143 [INFO] Mcu:2021 - Initializing MCU STM32F103C(8-B)Tx STM32F103C8Tx STM32F103C8T6
2024-07-20 16:57:50,497 [INFO] Context:663 - Trying to add GPIOservice into a context  which must be forbidden
2024-07-20 16:57:50,569 [INFO] RtosManager:555 - Registered RTOS mode: class=CMSIS, group=RTOS, mode=CMSIS_V1, owner=FREERTOS
2024-07-20 16:57:50,569 [INFO] RtosManager:555 - Registered RTOS mode: class=CMSIS, group=RTOS2, mode=CMSIS_V2, owner=FREERTOS
2024-07-20 16:57:50,569 [INFO] RtosManager:555 - Registered RTOS mode: class=RTOS, group=Core, mode=CMSIS_V1, owner=FREERTOS
2024-07-20 16:57:50,569 [INFO] RtosManager:555 - Registered RTOS mode: class=RTOS, group=Core, mode=CMSIS_V2, owner=FREERTOS
2024-07-20 16:57:50,569 [WARN] ModelIntegratedComponent:184 - Missing modes for component STMicroelectronics:FreeRTOS:0.0.1:STMicroelectronics:RTOS:FreeRTOS:Core:::10.2.0:
2024-07-20 16:57:50,572 [WARN] ModelIntegratedComponent:63 - No mode defined for component null
2024-07-20 16:57:50,572 [WARN] ModelIntegratedComponent:63 - No mode defined for component null
2024-07-20 16:57:50,572 [WARN] ModelIntegratedComponent:63 - No mode defined for component null
2024-07-20 16:57:50,572 [WARN] ModelIntegratedComponent:63 - No mode defined for component null
2024-07-20 16:57:50,572 [WARN] ModelIntegratedComponent:63 - No mode defined for component null
2024-07-20 16:57:50,572 [WARN] ModelIntegratedComponent:63 - No mode defined for component null
2024-07-20 16:57:50,572 [WARN] ModelIntegratedComponent:63 - No mode defined for component null
2024-07-20 16:57:50,572 [WARN] ModelIntegratedComponent:63 - No mode defined for component null
2024-07-20 16:57:50,572 [WARN] ModelIntegratedComponent:63 - No mode defined for component null
2024-07-20 16:57:50,572 [WARN] ModelIntegratedComponent:63 - No mode defined for component null
2024-07-20 16:57:50,572 [WARN] ModelIntegratedComponent:63 - No mode defined for component null
2024-07-20 16:57:50,572 [WARN] ModelIntegratedComponent:63 - No mode defined for component null
2024-07-20 16:57:50,572 [WARN] ModelIntegratedComponent:63 - No mode defined for component null
2024-07-20 16:57:50,572 [WARN] ModelIntegratedComponent:63 - No mode defined for component null
2024-07-20 16:57:50,572 [WARN] ModelIntegratedComponent:63 - No mode defined for component null
2024-07-20 16:57:50,572 [WARN] ModelIntegratedComponent:63 - No mode defined for component null
2024-07-20 16:57:50,572 [WARN] ModelIntegratedComponent:63 - No mode defined for component null
2024-07-20 16:57:50,572 [WARN] ModelIntegratedComponent:63 - No mode defined for component null
2024-07-20 16:57:50,572 [WARN] ModelIntegratedComponent:63 - No mode defined for component null
2024-07-20 16:57:50,572 [WARN] ModelIntegratedComponent:63 - No mode defined for component null
2024-07-20 16:57:50,572 [WARN] ModelIntegratedComponent:63 - No mode defined for component null
2024-07-20 16:57:50,572 [WARN] ModelIntegratedComponent:63 - No mode defined for component null
2024-07-20 16:57:50,572 [WARN] ModelIntegratedComponent:63 - No mode defined for component null
2024-07-20 16:57:50,572 [WARN] ModelIntegratedComponent:63 - No mode defined for component null
2024-07-20 16:57:50,572 [WARN] ModelIntegratedComponent:63 - No mode defined for component null
2024-07-20 16:57:50,573 [WARN] ModelIntegratedComponent:63 - No mode defined for component null
2024-07-20 16:57:50,573 [WARN] ModelIntegratedComponent:63 - No mode defined for component null
2024-07-20 16:57:50,573 [WARN] ModelIntegratedComponent:63 - No mode defined for component null
2024-07-20 16:57:50,573 [WARN] ModelIntegratedComponent:63 - No mode defined for component null
2024-07-20 16:57:50,573 [WARN] ModelIntegratedComponent:63 - No mode defined for component null
2024-07-20 16:57:50,573 [WARN] ModelIntegratedComponent:63 - No mode defined for component null
2024-07-20 16:57:50,573 [WARN] ModelIntegratedComponent:63 - No mode defined for component null
2024-07-20 16:57:50,573 [WARN] ModelIntegratedComponent:63 - No mode defined for component null
2024-07-20 16:57:50,573 [WARN] ModelIntegratedComponent:63 - No mode defined for component null
2024-07-20 16:57:50,612 [INFO] ThirdPartyModel:298 - Start build external matchings
2024-07-20 16:57:50,747 [INFO] ThirdPartyModel:316 - End build external matchings
2024-07-20 16:57:50,751 [WARN] IP:2120 - I2C_Coeff_DF not found: check if there is a RefParameter without a condition.
2024-07-20 16:57:50,751 [WARN] IP:2120 - Analog_Filter not found: check if there is a RefParameter without a condition.
2024-07-20 16:57:50,852 [INFO] UtilMem:75 - End LoadConfig() Used Memory: 772873488 Bytes (1073741824)
2024-07-20 16:57:50,869 [WARN] ThirdParty:833 - waiting for thirdparty lock release [change project]
2024-07-20 16:57:50,869 [INFO] ThirdParty:835 - entering critical section [change project]
2024-07-20 16:57:50,869 [INFO] ThirdParty:1030 - CMSIS Pack Vendor :STMicroelectronics USBPD 4.1
2024-07-20 16:57:50,869 [INFO] ThirdParty:1030 - CMSIS Pack Vendor :STMicroelectronics X-CUBE-GNSS1 6.0.0
2024-07-20 16:57:50,869 [INFO] ThirdParty:1030 - CMSIS Pack Vendor :STMicroelectronics USB_HOST 2.0.0
2024-07-20 16:57:50,869 [INFO] ThirdParty:1030 - CMSIS Pack Vendor :STMicroelectronics FP-SNS-MOTENVWB1 1.4.0
2024-07-20 16:57:50,869 [INFO] ThirdParty:1030 - CMSIS Pack Vendor :STMicroelectronics X-CUBE-AZRTOS-F4 1.1.0
2024-07-20 16:57:50,870 [INFO] ThirdParty:1030 - CMSIS Pack Vendor :STMicroelectronics LIBJPEG 8.0.0
2024-07-20 16:57:50,870 [INFO] ThirdParty:1030 - CMSIS Pack Vendor :STMicroelectronics X-CUBE-SMBUS 2.1.0
2024-07-20 16:57:50,870 [INFO] ThirdParty:1030 - CMSIS Pack Vendor :STMicroelectronics USB_DEVICE 3.0.0
2024-07-20 16:57:50,870 [INFO] ThirdParty:1030 - CMSIS Pack Vendor :STMicroelectronics X-CUBE-TCPP 4.1.0
2024-07-20 16:57:50,870 [INFO] ThirdParty:1030 - CMSIS Pack Vendor :STMicroelectronics X-CUBE-FREERTOS 1.2.0
2024-07-20 16:57:50,870 [INFO] ThirdParty:1030 - CMSIS Pack Vendor :STMicroelectronics X-CUBE-AZRTOS-WB 2.0.0
2024-07-20 16:57:50,870 [INFO] ThirdParty:1030 - CMSIS Pack Vendor :STMicroelectronics X-CUBE-TOUCHGFX 4.23.2
2024-07-20 16:57:50,870 [INFO] ThirdParty:1030 - CMSIS Pack Vendor :STMicroelectronics X-CUBE-AZRTOS-F7 1.1.0
2024-07-20 16:57:50,870 [INFO] ThirdParty:1030 - CMSIS Pack Vendor :STMicroelectronics X-CUBE-AZRTOS-L5 2.0.0
2024-07-20 16:57:50,870 [INFO] ThirdParty:1030 - CMSIS Pack Vendor :STMicroelectronics USB_DEVICE 2.0.0
2024-07-20 16:57:50,870 [INFO] ThirdParty:1030 - CMSIS Pack Vendor :STMicroelectronics X-CUBE-NFC6 3.1.0
2024-07-20 16:57:50,870 [INFO] ThirdParty:1030 - CMSIS Pack Vendor :STMicroelectronics FreeRTOS 0.0.1
2024-07-20 16:57:50,870 [INFO] ThirdParty:1030 - CMSIS Pack Vendor :STMicroelectronics X-CUBE-AZRTOS-G0 1.1.0
2024-07-20 16:57:50,870 [INFO] ThirdParty:1030 - CMSIS Pack Vendor :STMicroelectronics X-CUBE-SAFEA1 1.2.2
2024-07-20 16:57:50,870 [INFO] ThirdParty:1030 - CMSIS Pack Vendor :STMicroelectronics X-CUBE-NFC4 3.0.0
2024-07-20 16:57:50,870 [INFO] ThirdParty:1030 - CMSIS Pack Vendor :STMicroelectronics X-CUBE-DPower 1.2.0
2024-07-20 16:57:50,870 [INFO] ThirdParty:1030 - CMSIS Pack Vendor :STMicroelectronics X-CUBE-SUBG2 5.0.0
2024-07-20 16:57:50,870 [INFO] ThirdParty:1030 - CMSIS Pack Vendor :STMicroelectronics STM32_WPAN 1.0.0
2024-07-20 16:57:50,870 [INFO] ThirdParty:1030 - CMSIS Pack Vendor :wolfSSL I-CUBE-wolfMQTT 1.18.0
2024-07-20 16:57:50,870 [INFO] ThirdParty:1030 - CMSIS Pack Vendor :EmbeddedOffice I-CUBE-FS-RTOS 1.0.1
2024-07-20 16:57:50,870 [INFO] ThirdParty:1030 - CMSIS Pack Vendor :STMicroelectronics lwIP 2.0.3
2024-07-20 16:57:50,870 [INFO] ThirdParty:1030 - CMSIS Pack Vendor :STMicroelectronics FP-SNS-FLIGHT1 5.0.2
2024-07-20 16:57:50,870 [INFO] ThirdParty:1030 - CMSIS Pack Vendor :STMicroelectronics USB_HOST 1.0.0
2024-07-20 16:57:50,870 [INFO] ThirdParty:1030 - CMSIS Pack Vendor :STMicroelectronics X-CUBE-AI 9.0.0
2024-07-20 16:57:50,870 [INFO] ThirdParty:1030 - CMSIS Pack Vendor :STMicroelectronics X-CUBE-AZRTOS-G4 2.0.0
2024-07-20 16:57:50,870 [INFO] ThirdParty:1030 - CMSIS Pack Vendor :STMicroelectronics PDM2PCM 3.1.0
2024-07-20 16:57:50,870 [INFO] ThirdParty:1030 - CMSIS Pack Vendor :STMicroelectronics PDM2PCM 3.3.0
2024-07-20 16:57:50,870 [INFO] ThirdParty:1030 - CMSIS Pack Vendor :STMicroelectronics X-CUBE-DISPLAY 3.0.0
2024-07-20 16:57:50,870 [INFO] ThirdParty:1030 - CMSIS Pack Vendor :RealThread X-CUBE-RT-Thread_Nano 4.1.1
2024-07-20 16:57:50,870 [INFO] ThirdParty:1030 - CMSIS Pack Vendor :wolfSSL I-CUBE-wolfSSL 5.7.0
2024-07-20 16:57:50,870 [INFO] ThirdParty:1030 - CMSIS Pack Vendor :STMicroelectronics X-CUBE-BLE1 7.0.0
2024-07-20 16:57:50,870 [INFO] ThirdParty:1030 - CMSIS Pack Vendor :STMicroelectronics FP-ATR-SIGFOX1 3.2.0
2024-07-20 16:57:50,870 [INFO] ThirdParty:1030 - CMSIS Pack Vendor :STMicroelectronics X-CUBE-ISPU 2.0.0
2024-07-20 16:57:50,870 [INFO] ThirdParty:1030 - CMSIS Pack Vendor :STMicroelectronics X-CUBE-EEPRMA1 5.1.0
2024-07-20 16:57:50,870 [INFO] ThirdParty:1030 - CMSIS Pack Vendor :STMicroelectronics HAL Drivers 0.0.0
2024-07-20 16:57:50,870 [INFO] ThirdParty:1030 - CMSIS Pack Vendor :STMicroelectronics MBEDTLS 2.16.2
2024-07-20 16:57:50,870 [INFO] ThirdParty:1030 - CMSIS Pack Vendor :STMicroelectronics X-CUBE-ALS 1.0.2
2024-07-20 16:57:50,870 [INFO] ThirdParty:1030 - CMSIS Pack Vendor :emotas I-CUBE-CANOPEN 1.3.0
2024-07-20 16:57:50,870 [INFO] ThirdParty:1030 - CMSIS Pack Vendor :STMicroelectronics X-CUBE-MEMS1 10.0.0
2024-07-20 16:57:50,870 [INFO] ThirdParty:1030 - CMSIS Pack Vendor :STMicroelectronics X-CUBE-NFC7 1.0.1
2024-07-20 16:57:50,870 [INFO] ThirdParty:1030 - CMSIS Pack Vendor :STMicroelectronics MBEDTLS 2.14.1
2024-07-20 16:57:50,870 [INFO] ThirdParty:1030 - CMSIS Pack Vendor :STMicroelectronics X-CUBE-TOUCHGFX 4.24.0
2024-07-20 16:57:50,870 [INFO] ThirdParty:1030 - CMSIS Pack Vendor :ITTIA_DB I-CUBE-ITTIADB 8.9.0
2024-07-20 16:57:50,870 [INFO] ThirdParty:1030 - CMSIS Pack Vendor :wolfSSL I-CUBE-wolfTPM 3.2.0
2024-07-20 16:57:50,870 [INFO] ThirdParty:1030 - CMSIS Pack Vendor :portGmbH I-Cube-SoM-uGOAL 1.1.0
2024-07-20 16:57:50,870 [INFO] ThirdParty:1030 - CMSIS Pack Vendor :STMicroelectronics X-CUBE-ALS 1.0.1
2024-07-20 16:57:50,870 [INFO] ThirdParty:1030 - CMSIS Pack Vendor :STMicroelectronics X-CUBE-BLEMGR 3.1.0
2024-07-20 16:57:50,870 [INFO] ThirdParty:1030 - CMSIS Pack Vendor :STMicroelectronics ThreadX 1.0.0
2024-07-20 16:57:50,870 [INFO] ThirdParty:1030 - CMSIS Pack Vendor :STMicroelectronics FP-SNS-SMARTAG2 1.2.0
2024-07-20 16:57:50,870 [INFO] ThirdParty:1030 - CMSIS Pack Vendor :STMicroelectronics X-CUBE-AZRTOS-WL 2.0.0
2024-07-20 16:57:50,870 [INFO] ThirdParty:1030 - CMSIS Pack Vendor :SEGGER I-CUBE-embOS 1.3.1
2024-07-20 16:57:50,870 [INFO] ThirdParty:1030 - CMSIS Pack Vendor :STMicroelectronics X-CUBE-ALGOBUILD 1.4.0
2024-07-20 16:57:50,870 [INFO] ThirdParty:1030 - CMSIS Pack Vendor :STMicroelectronics FP-SNS-MOTENV1 5.0.0
2024-07-20 16:57:50,870 [INFO] ThirdParty:1030 - CMSIS Pack Vendor :STMicroelectronics USB_DEVICE 1.0.0
2024-07-20 16:57:50,870 [INFO] ThirdParty:1030 - CMSIS Pack Vendor :STMicroelectronics X-CUBE-AZRTOS-H7RS 1.0.0
2024-07-20 16:57:50,871 [INFO] ThirdParty:1030 - CMSIS Pack Vendor :wolfSSL I-CUBE-wolfMQTT 1.19.0
2024-07-20 16:57:50,871 [INFO] ThirdParty:1030 - CMSIS Pack Vendor :STMicroelectronics X-CUBE-AZRTOS-L4 2.0.0
2024-07-20 16:57:50,871 [INFO] ThirdParty:1030 - CMSIS Pack Vendor :STMicroelectronics ThreadX 0.0.2
2024-07-20 16:57:50,871 [INFO] ThirdParty:1030 - CMSIS Pack Vendor :WES I-CUBE-Cesium 1.3.0
2024-07-20 16:57:50,871 [INFO] ThirdParty:1030 - CMSIS Pack Vendor :STMicroelectronics FP-ATR-ASTRA1 2.0.0
2024-07-20 16:57:50,871 [INFO] ThirdParty:1030 - CMSIS Pack Vendor :STMicroelectronics lwIP 2.1.2
2024-07-20 16:57:50,871 [INFO] ThirdParty:1030 - CMSIS Pack Vendor :STMicroelectronics X-CUBE-SFXS2LP1 4.0.0
2024-07-20 16:57:50,871 [INFO] ThirdParty:1030 - CMSIS Pack Vendor :STMicroelectronics X-CUBE-BLE2 3.3.0
2024-07-20 16:57:50,871 [INFO] ThirdParty:1030 - CMSIS Pack Vendor :STMicroelectronics X-CUBE-TOF1 3.4.1
2024-07-20 16:57:50,871 [INFO] ThirdParty:1030 - CMSIS Pack Vendor :STMicroelectronics X-CUBE-AZRTOS-H7 3.2.0
2024-07-20 16:57:50,871 [INFO] ThirdParty:1030 - CMSIS Pack Vendor :Infineon AIROC-Wi-Fi-Bluetooth-STM32 1.6.0
2024-07-20 16:57:50,871 [INFO] ThirdParty:1030 - CMSIS Pack Vendor :STMicroelectronics PDM2PCM 3.2.0
2024-07-20 16:57:50,871 [INFO] ThirdParty:1030 - CMSIS Pack Vendor :wolfSSL I-CUBE-wolfSSH 1.4.17
2024-07-20 16:57:50,871 [INFO] ThirdParty:841 - exiting critical section [change project]
2024-07-20 16:57:50,910 [INFO] PinOutPanel:1561 - setPackage(No Configuration,No Configuration)
2024-07-20 16:57:50,911 [INFO] PinOutPanel:1561 - setPackage(STM32F103C8Tx,LQFP48)
2024-07-20 16:57:51,006 [INFO] UtilMem:75 - Before build in PCC Used Memory: 676202168 Bytes (1073741824)
2024-07-20 16:57:51,152 [INFO] UtilMem:75 - After build in PCC Used Memory: 718677704 Bytes (1073741824)
2024-07-20 16:57:51,161 [INFO] IPUIPlugin:80 - create IPUIPlugin
2024-07-20 16:57:51,161 [INFO] IPUIPlugin:80 - create IPUIPlugin
2024-07-20 16:57:51,161 [INFO] IPUIPlugin:80 - create IPUIPlugin
2024-07-20 16:57:51,161 [INFO] IPUIPlugin:80 - create IPUIPlugin
2024-07-20 16:57:51,161 [INFO] IPUIPlugin:80 - create IPUIPlugin
2024-07-20 16:57:51,161 [INFO] IPUIPlugin:80 - create IPUIPlugin
2024-07-20 16:57:51,161 [INFO] IPUIPlugin:80 - create IPUIPlugin
2024-07-20 16:57:51,161 [INFO] IPUIPlugin:80 - create IPUIPlugin
2024-07-20 16:57:51,161 [INFO] IPUIPlugin:80 - create IPUIPlugin
2024-07-20 16:57:51,161 [INFO] IPUIPlugin:80 - create IPUIPlugin
2024-07-20 16:57:51,161 [INFO] IPUIPlugin:80 - create IPUIPlugin
2024-07-20 16:57:51,161 [INFO] IPUIPlugin:80 - create IPUIPlugin
2024-07-20 16:57:51,161 [INFO] IPUIPlugin:80 - create IPUIPlugin
2024-07-20 16:57:51,161 [INFO] IPUIPlugin:80 - create IPUIPlugin
2024-07-20 16:57:51,162 [INFO] IPUIPlugin:80 - create IPUIPlugin
2024-07-20 16:57:51,162 [INFO] IPUIPlugin:80 - create IPUIPlugin
2024-07-20 16:57:51,162 [INFO] IPUIPlugin:80 - create IPUIPlugin
2024-07-20 16:57:51,162 [INFO] IPUIPlugin:80 - create IPUIPlugin
2024-07-20 16:57:51,162 [INFO] IPUIPlugin:80 - create IPUIPlugin
2024-07-20 16:57:51,162 [INFO] IPUIPlugin:80 - create IPUIPlugin
2024-07-20 16:57:51,162 [INFO] IPUIPlugin:80 - create IPUIPlugin
2024-07-20 16:57:51,162 [INFO] IPUIPlugin:80 - create IPUIPlugin
2024-07-20 16:57:51,162 [INFO] IPUIPlugin:80 - create IPUIPlugin
2024-07-20 16:57:51,162 [INFO] IPUIPlugin:80 - create IPUIPlugin
2024-07-20 16:57:51,162 [INFO] IPUIPlugin:80 - create IPUIPlugin
2024-07-20 16:57:51,163 [INFO] IPUIPlugin:80 - create IPUIPlugin
2024-07-20 16:57:51,163 [INFO] IPUIPlugin:80 - create IPUIPlugin
2024-07-20 16:57:51,163 [WARN] IP:2120 - I2C_Coeff_DF not found: check if there is a RefParameter without a condition.
2024-07-20 16:57:51,163 [WARN] IP:2120 - Analog_Filter not found: check if there is a RefParameter without a condition.
2024-07-20 16:57:51,184 [INFO] CADModel:165 - CPN selected for project levelSTM32F103C8T6
2024-07-20 16:57:51,184 [INFO] CADModel:114 - Register for checkConnection events
2024-07-20 16:57:51,244 [INFO] OpenFileManager:343 - Restore cursor
2024-07-20 16:57:51,339 [WARN] IP:2120 - I2C_Coeff_DF not found: check if there is a RefParameter without a condition.
2024-07-20 16:57:51,339 [WARN] IP:2120 - Analog_Filter not found: check if there is a RefParameter without a condition.
2024-07-20 16:57:51,339 [WARN] IP:2120 - I2C_Coeff_DF not found: check if there is a RefParameter without a condition.
2024-07-20 16:57:51,339 [WARN] IP:2120 - Analog_Filter not found: check if there is a RefParameter without a condition.
2024-07-20 17:13:20,837 [INFO] UtilMem:75 - End SaveConfig() Used Memory: 898492904 Bytes (1073741824)
2024-07-20 17:13:21,918 [INFO] UtilMem:75 - End SaveConfig() Used Memory: 921039336 Bytes (1073741824)
2024-07-20 17:13:26,544 [INFO] UtilMem:75 - End SaveConfig() Used Memory: 675630280 Bytes (1073741824)
2024-07-20 17:13:26,616 [INFO] BlockDiagram:2759 - set Specific Code input for plugin: NVIC
2024-07-20 17:13:26,617 [INFO] BlockDiagram:2759 - set Specific Code input for plugin: USART
2024-07-20 17:13:26,617 [INFO] BlockDiagram:2759 - set Specific Code input for plugin: SYS
2024-07-20 17:13:26,617 [INFO] BlockDiagram:2759 - set Specific Code input for plugin: GPIO
2024-07-20 17:13:26,617 [INFO] BlockDiagram:2759 - set Specific Code input for plugin: RCC
2024-07-20 17:13:26,617 [INFO] BlockDiagram:2759 - set Specific Code input for plugin: I2C
2024-07-20 17:13:26,618 [INFO] CodeGenerator:807 - code generatio: config db path: C:\ST\STM32CubeIDE_1.15.1\STM32CubeIDE\plugins\com.st.stm32cube.common.mx_6.11.1.202404110753\\db\
2024-07-20 17:13:26,618 [WARN] IP:2120 - I2C_Coeff_DF not found: check if there is a RefParameter without a condition.
2024-07-20 17:13:26,618 [WARN] IP:2120 - Analog_Filter not found: check if there is a RefParameter without a condition.
2024-07-20 17:13:26,666 [INFO] CodeEngine:255 - oldGeneratedFile, C:\Users\Yoon\Desktop\Git\STM32\FirstClass\20240717_AM1008K\MXTmpFiles\license.tmp_save
2024-07-20 17:13:26,726 [INFO] CodeEngine:279 - Generated code: C:\Users\Yoon\Desktop\Git\STM32\FirstClass\20240717_AM1008K\MXTmpFiles\license.tmp
2024-07-20 17:13:26,769 [INFO] CodeEngine:255 - oldGeneratedFile, C:\Users\Yoon\Desktop\Git\STM32\FirstClass\20240717_AM1008K\MXTmpFiles\gpio.tmp_save
2024-07-20 17:13:26,824 [INFO] CodeEngine:279 - Generated code: C:\Users\Yoon\Desktop\Git\STM32\FirstClass\20240717_AM1008K\MXTmpFiles\gpio.tmp
2024-07-20 17:13:26,881 [INFO] CodeEngine:255 - oldGeneratedFile, C:\Users\Yoon\Desktop\Git\STM32\FirstClass\20240717_AM1008K\Core\Src\stm32f1xx_it.c_save
2024-07-20 17:13:27,000 [INFO] CodeEngine:279 - Generated code: C:\Users\Yoon\Desktop\Git\STM32\FirstClass\20240717_AM1008K\Core\Src\stm32f1xx_it.c
2024-07-20 17:13:27,012 [INFO] CodeEngine:255 - oldGeneratedFile, C:\Users\Yoon\Desktop\Git\STM32\FirstClass\20240717_AM1008K\Core\Inc\stm32f1xx_it.h_save
2024-07-20 17:13:27,065 [INFO] CodeEngine:279 - Generated code: C:\Users\Yoon\Desktop\Git\STM32\FirstClass\20240717_AM1008K\Core\Inc\stm32f1xx_it.h
2024-07-20 17:13:27,088 [INFO] CodeEngine:255 - oldGeneratedFile, C:\Users\Yoon\Desktop\Git\STM32\FirstClass\20240717_AM1008K\Core\Src\stm32f1xx_hal_msp.c_save
2024-07-20 17:13:27,182 [INFO] CodeEngine:279 - Generated code: C:\Users\Yoon\Desktop\Git\STM32\FirstClass\20240717_AM1008K\Core\Src\stm32f1xx_hal_msp.c
2024-07-20 17:13:27,192 [INFO] CodeEngine:255 - oldGeneratedFile, C:\Users\Yoon\Desktop\Git\STM32\FirstClass\20240717_AM1008K\MXTmpFiles\system.tmp_save
2024-07-20 17:13:27,245 [INFO] CodeEngine:279 - Generated code: C:\Users\Yoon\Desktop\Git\STM32\FirstClass\20240717_AM1008K\MXTmpFiles\system.tmp
2024-07-20 17:13:27,266 [INFO] CodeEngine:311 - oldGeneratedFile, C:\Users\Yoon\Desktop\Git\STM32\FirstClass\20240717_AM1008K\Core\Inc\stm32f1xx_hal_conf.h_save
2024-07-20 17:13:27,331 [INFO] CodeEngine:335 - Generated code: C:\Users\Yoon\Desktop\Git\STM32\FirstClass\20240717_AM1008K\Core\Inc\stm32f1xx_hal_conf.h
2024-07-20 17:13:27,366 [INFO] CodeEngine:255 - oldGeneratedFile, C:\Users\Yoon\Desktop\Git\STM32\FirstClass\20240717_AM1008K\Core\Inc\main.h_save
2024-07-20 17:13:27,426 [INFO] CodeEngine:279 - Generated code: C:\Users\Yoon\Desktop\Git\STM32\FirstClass\20240717_AM1008K\Core\Inc\main.h
2024-07-20 17:13:27,441 [INFO] CodeEngine:255 - oldGeneratedFile, C:\Users\Yoon\Desktop\Git\STM32\FirstClass\20240717_AM1008K\Core\Src\main.c_save
2024-07-20 17:13:27,536 [INFO] CodeEngine:279 - Generated code: C:\Users\Yoon\Desktop\Git\STM32\FirstClass\20240717_AM1008K\Core\Src\main.c
2024-07-20 17:13:27,966 [INFO] ProjectBuilder:3163 - Time for Copy HAL[1] : 281mS.
2024-07-20 17:13:27,973 [INFO] ProjectBuilder:4736 - Project Generator version: 4.3.0-B58
2024-07-20 17:13:28,020 [INFO] ConfigFileManager:1503 - The Die is : DIE410
2024-07-20 17:13:28,027 [INFO] ApiDbMcu:508 - Load IP Config File for FATFS
2024-07-20 17:13:28,034 [INFO] ApiDbMcu:508 - Load IP Config File for FREERTOS
2024-07-20 17:13:28,041 [INFO] ApiDbMcu:508 - Load IP Config File for USB_DEVICE
2024-07-20 17:13:28,816 [INFO] ProjectBuilder:5002 - Time for Generating toolchain IDE Files: 843mS.
2024-07-20 17:13:28,817 [INFO] ProjectBuilder:3034 - Time for Copy CMSIS : 1mS.
2024-07-20 17:13:28,826 [INFO] ProjectBuilder:3034 - Time for Copy CMSIS : 0mS.
2024-07-20 17:23:54,397 [WARN] IP:2120 - I2C_Coeff_DF not found: check if there is a RefParameter without a condition.
2024-07-20 17:23:54,397 [WARN] IP:2120 - Analog_Filter not found: check if there is a RefParameter without a condition.
2024-07-20 17:23:54,397 [WARN] IP:2120 - I2C_Coeff_DF not found: check if there is a RefParameter without a condition.
2024-07-20 17:23:54,397 [WARN] IP:2120 - Analog_Filter not found: check if there is a RefParameter without a condition.
2024-07-20 17:23:55,679 [INFO] UtilMem:75 - End SaveConfig() Used Memory: 943943208 Bytes (1073741824)
2024-07-20 17:23:58,602 [INFO] UtilMem:75 - End SaveConfig() Used Memory: 682596064 Bytes (1073741824)
2024-07-20 17:23:59,742 [INFO] UtilMem:75 - End SaveConfig() Used Memory: 708110488 Bytes (1073741824)
2024-07-20 17:23:59,830 [INFO] BlockDiagram:2759 - set Specific Code input for plugin: NVIC
2024-07-20 17:23:59,830 [INFO] BlockDiagram:2759 - set Specific Code input for plugin: USART
2024-07-20 17:23:59,830 [INFO] BlockDiagram:2759 - set Specific Code input for plugin: SYS
2024-07-20 17:23:59,830 [INFO] BlockDiagram:2759 - set Specific Code input for plugin: GPIO
2024-07-20 17:23:59,830 [INFO] BlockDiagram:2759 - set Specific Code input for plugin: RCC
2024-07-20 17:23:59,830 [INFO] BlockDiagram:2759 - set Specific Code input for plugin: I2C
2024-07-20 17:23:59,831 [INFO] CodeGenerator:807 - code generatio: config db path: C:\ST\STM32CubeIDE_1.15.1\STM32CubeIDE\plugins\com.st.stm32cube.common.mx_6.11.1.202404110753\\db\
2024-07-20 17:23:59,832 [WARN] IP:2120 - I2C_Coeff_DF not found: check if there is a RefParameter without a condition.
2024-07-20 17:23:59,832 [WARN] IP:2120 - Analog_Filter not found: check if there is a RefParameter without a condition.
2024-07-20 17:23:59,878 [INFO] CodeEngine:255 - oldGeneratedFile, C:\Users\Yoon\Desktop\Git\STM32\FirstClass\20240717_AM1008K\MXTmpFiles\license.tmp_save
2024-07-20 17:23:59,956 [INFO] CodeEngine:279 - Generated code: C:\Users\Yoon\Desktop\Git\STM32\FirstClass\20240717_AM1008K\MXTmpFiles\license.tmp
2024-07-20 17:23:59,979 [INFO] CodeEngine:255 - oldGeneratedFile, C:\Users\Yoon\Desktop\Git\STM32\FirstClass\20240717_AM1008K\MXTmpFiles\gpio.tmp_save
2024-07-20 17:24:00,041 [INFO] CodeEngine:279 - Generated code: C:\Users\Yoon\Desktop\Git\STM32\FirstClass\20240717_AM1008K\MXTmpFiles\gpio.tmp
2024-07-20 17:24:00,102 [INFO] CodeEngine:255 - oldGeneratedFile, C:\Users\Yoon\Desktop\Git\STM32\FirstClass\20240717_AM1008K\Core\Src\stm32f1xx_it.c_save
2024-07-20 17:24:00,214 [INFO] CodeEngine:279 - Generated code: C:\Users\Yoon\Desktop\Git\STM32\FirstClass\20240717_AM1008K\Core\Src\stm32f1xx_it.c
2024-07-20 17:24:00,229 [INFO] CodeEngine:255 - oldGeneratedFile, C:\Users\Yoon\Desktop\Git\STM32\FirstClass\20240717_AM1008K\Core\Inc\stm32f1xx_it.h_save
2024-07-20 17:24:00,298 [INFO] CodeEngine:279 - Generated code: C:\Users\Yoon\Desktop\Git\STM32\FirstClass\20240717_AM1008K\Core\Inc\stm32f1xx_it.h
2024-07-20 17:24:00,324 [INFO] CodeEngine:255 - oldGeneratedFile, C:\Users\Yoon\Desktop\Git\STM32\FirstClass\20240717_AM1008K\Core\Src\stm32f1xx_hal_msp.c_save
2024-07-20 17:24:00,402 [INFO] CodeEngine:279 - Generated code: C:\Users\Yoon\Desktop\Git\STM32\FirstClass\20240717_AM1008K\Core\Src\stm32f1xx_hal_msp.c
2024-07-20 17:24:00,410 [INFO] CodeEngine:255 - oldGeneratedFile, C:\Users\Yoon\Desktop\Git\STM32\FirstClass\20240717_AM1008K\MXTmpFiles\system.tmp_save
2024-07-20 17:24:00,460 [INFO] CodeEngine:279 - Generated code: C:\Users\Yoon\Desktop\Git\STM32\FirstClass\20240717_AM1008K\MXTmpFiles\system.tmp
2024-07-20 17:24:00,480 [INFO] CodeEngine:311 - oldGeneratedFile, C:\Users\Yoon\Desktop\Git\STM32\FirstClass\20240717_AM1008K\Core\Inc\stm32f1xx_hal_conf.h_save
2024-07-20 17:24:00,543 [INFO] CodeEngine:335 - Generated code: C:\Users\Yoon\Desktop\Git\STM32\FirstClass\20240717_AM1008K\Core\Inc\stm32f1xx_hal_conf.h
2024-07-20 17:24:00,575 [INFO] CodeEngine:255 - oldGeneratedFile, C:\Users\Yoon\Desktop\Git\STM32\FirstClass\20240717_AM1008K\Core\Inc\main.h_save
2024-07-20 17:24:00,638 [INFO] CodeEngine:279 - Generated code: C:\Users\Yoon\Desktop\Git\STM32\FirstClass\20240717_AM1008K\Core\Inc\main.h
2024-07-20 17:24:00,653 [INFO] CodeEngine:255 - oldGeneratedFile, C:\Users\Yoon\Desktop\Git\STM32\FirstClass\20240717_AM1008K\Core\Src\main.c_save
2024-07-20 17:24:00,743 [INFO] CodeEngine:279 - Generated code: C:\Users\Yoon\Desktop\Git\STM32\FirstClass\20240717_AM1008K\Core\Src\main.c
2024-07-20 17:24:01,157 [INFO] ProjectBuilder:3163 - Time for Copy HAL[1] : 283mS.
2024-07-20 17:24:01,164 [INFO] ProjectBuilder:4736 - Project Generator version: 4.3.0-B58
2024-07-20 17:24:01,212 [INFO] ConfigFileManager:1503 - The Die is : DIE410
2024-07-20 17:24:01,911 [INFO] ProjectBuilder:5002 - Time for Generating toolchain IDE Files: 747mS.
2024-07-20 17:24:01,912 [INFO] ProjectBuilder:3034 - Time for Copy CMSIS : 1mS.
2024-07-20 17:24:01,921 [INFO] ProjectBuilder:3034 - Time for Copy CMSIS : 0mS.
