2024-05-23 01:42:39,582 [INFO] Activator:176 - 


2024-05-23 01:42:39,586 [INFO] Activator:177 - !SESSION log4j initialized
2024-05-23 01:42:43,440 [INFO] LogOutputStream:77 - [STDOUT_REDIRECT] 
2024-05-23 01:42:45,768 [INFO] ApplicationProperties:184 - Using Application install path: C:\ST\STM32CubeIDE_1.15.1\STM32CubeIDE\plugins\com.st.stm32cube.common.mx_6.11.1.202404110753
2024-05-23 01:42:45,779 [INFO] DbMcusXml:78 - Set database path to: C:\ST\STM32CubeIDE_1.15.1\STM32CubeIDE\plugins\com.st.stm32cube.common.mx_6.11.1.202404110753\\db\/mcu/
2024-05-23 01:42:45,780 [INFO] ApiDb:274 - Set plugin database path to: C:\ST\STM32CubeIDE_1.15.1\STM32CubeIDE\plugins\com.st.stm32cube.common.mx_6.11.1.202404110753\\db\/plugins/boardmanager/
2024-05-23 01:42:45,780 [WARN] ApiDb:259 - Overriding images path with different value:  => C:\ST\STM32CubeIDE_1.15.1\STM32CubeIDE\plugins\com.st.stm32cube.common.mx_6.11.1.202404110753\\db\/plugins/mcufinder/images/
2024-05-23 01:42:45,786 [INFO] ApiDb:250 - Set database path to: C:\Users\Yoon\.stmcufinder\plugins\mcufinder//mcu/
2024-05-23 01:42:45,786 [INFO] DbMcusAds:125 - Set database path to: C:\Users\Yoon\.stmcufinder\plugins\mcufinder//mcu/
2024-05-23 01:42:45,787 [INFO] CrossReferenceDbSqlite:203 - Set database path to: C:\Users\Yoon\.stmcufinder\plugins\mcufinder//mcu/cs/
2024-05-23 01:42:45,862 [INFO] RulesReader:64 - Compatibility file has been processed (297 Rules)
2024-05-23 01:42:45,936 [INFO] DbMcusXml:78 - Set database path to: C:\ST\STM32CubeIDE_1.15.1\STM32CubeIDE\plugins\com.st.stm32cube.common.mx_6.11.1.202404110753\\db\/mcu/
2024-05-23 01:42:45,936 [INFO] ApiDb:274 - Set plugin database path to: C:\ST\STM32CubeIDE_1.15.1\STM32CubeIDE\plugins\com.st.stm32cube.common.mx_6.11.1.202404110753\\db\/plugins/boardmanager/
2024-05-23 01:42:45,936 [INFO] ApiDb:261 - Set plugin images path to: C:\ST\STM32CubeIDE_1.15.1\STM32CubeIDE\plugins\com.st.stm32cube.common.mx_6.11.1.202404110753\\db\/plugins/mcufinder/images/
2024-05-23 01:42:45,936 [WARN] DbFile:41 - Overriding database path with different value: C:\Users\Yoon\.stmcufinder\plugins\mcufinder/ => C:\Users\Yoon\.stmcufinder\plugins\mcufinder
2024-05-23 01:42:45,936 [INFO] ApiDb:250 - Set database path to: C:\Users\Yoon\.stmcufinder\plugins\mcufinder//mcu/
2024-05-23 01:42:45,936 [WARN] DbFile:41 - Overriding database path with different value: C:\Users\Yoon\.stmcufinder\plugins\mcufinder/ => C:\Users\Yoon\.stmcufinder\plugins\mcufinder
2024-05-23 01:42:45,936 [INFO] DbMcusAds:125 - Set database path to: C:\Users\Yoon\.stmcufinder\plugins\mcufinder//mcu/
2024-05-23 01:42:45,936 [WARN] DbFile:41 - Overriding database path with different value: C:\Users\Yoon\.stmcufinder\plugins\mcufinder/ => C:\Users\Yoon\.stmcufinder\plugins\mcufinder
2024-05-23 01:42:45,936 [WARN] DbFile:41 - Overriding database path with different value: C:\Users\Yoon\.stmcufinder\plugins\mcufinder/ => C:\Users\Yoon\.stmcufinder\plugins\mcufinder
2024-05-23 01:42:45,936 [INFO] CrossReferenceDbSqlite:203 - Set database path to: C:\Users\Yoon\.stmcufinder\plugins\mcufinder//mcu/cs/
2024-05-23 01:42:45,991 [INFO] MainPanel:264 - HeapMemory: 268435456
2024-05-23 01:42:46,050 [INFO] DbMcusXml:78 - Set database path to: C:\ST\STM32CubeIDE_1.15.1\STM32CubeIDE\plugins\com.st.stm32cube.common.mx_6.11.1.202404110753\\db\/mcu/
2024-05-23 01:42:46,050 [INFO] ApiDb:274 - Set plugin database path to: C:\ST\STM32CubeIDE_1.15.1\STM32CubeIDE\plugins\com.st.stm32cube.common.mx_6.11.1.202404110753\\db\/plugins/boardmanager/
2024-05-23 01:42:46,050 [INFO] ApiDb:261 - Set plugin images path to: C:\ST\STM32CubeIDE_1.15.1\STM32CubeIDE\plugins\com.st.stm32cube.common.mx_6.11.1.202404110753\\db\/plugins/mcufinder/images/
2024-05-23 01:42:46,051 [WARN] DbFile:41 - Overriding database path with different value: C:\Users\Yoon\.stmcufinder\plugins\mcufinder/ => C:\Users\Yoon\.stmcufinder\plugins\mcufinder
2024-05-23 01:42:46,051 [INFO] ApiDb:250 - Set database path to: C:\Users\Yoon\.stmcufinder\plugins\mcufinder//mcu/
2024-05-23 01:42:46,051 [WARN] DbFile:41 - Overriding database path with different value: C:\Users\Yoon\.stmcufinder\plugins\mcufinder/ => C:\Users\Yoon\.stmcufinder\plugins\mcufinder
2024-05-23 01:42:46,051 [INFO] DbMcusAds:125 - Set database path to: C:\Users\Yoon\.stmcufinder\plugins\mcufinder//mcu/
2024-05-23 01:42:46,051 [WARN] DbFile:41 - Overriding database path with different value: C:\Users\Yoon\.stmcufinder\plugins\mcufinder/ => C:\Users\Yoon\.stmcufinder\plugins\mcufinder
2024-05-23 01:42:46,051 [WARN] DbFile:41 - Overriding database path with different value: C:\Users\Yoon\.stmcufinder\plugins\mcufinder/ => C:\Users\Yoon\.stmcufinder\plugins\mcufinder
2024-05-23 01:42:46,051 [INFO] CrossReferenceDbSqlite:203 - Set database path to: C:\Users\Yoon\.stmcufinder\plugins\mcufinder//mcu/cs/
2024-05-23 01:42:46,063 [INFO] ApplicationProperties:184 - Using Application install path: C:\ST\STM32CubeIDE_1.15.1\STM32CubeIDE\plugins\com.st.stm32cube.common.mx_6.11.1.202404110753
2024-05-23 01:42:46,064 [INFO] PluginManage:196 - Search for loadable plugins [exclusion list=, ]
2024-05-23 01:42:46,065 [INFO] PluginManage:310 - Check plugin analytics
2024-05-23 01:42:46,168 [INFO] AnalyticsPlugin:253 - Accepted Software Licenses: 
2024-05-23 01:42:46,168 [INFO] AnalyticsPlugin:255 - Accepted CMSIS Pack Licenses: 
2024-05-23 01:42:46,168 [INFO] AnalyticsPlugin:257 - Accepted Firmware Licenses: 
2024-05-23 01:42:46,170 [INFO] PluginManage:359 - Loaded plugin analytics (category:tool,tabindex:-1)
2024-05-23 01:42:46,170 [INFO] PluginManage:310 - Check plugin cadmodel
2024-05-23 01:42:46,181 [INFO] CADModel:105 - Init CAD model plugin
2024-05-23 01:42:46,181 [INFO] PluginManage:359 - Loaded plugin cadmodel (category:power,tabindex:5)
2024-05-23 01:42:46,181 [INFO] PluginManage:310 - Check plugin clock
2024-05-23 01:42:46,196 [INFO] PluginManage:359 - Loaded plugin clock (category:base,tabindex:2)
2024-05-23 01:42:46,196 [INFO] PluginManage:310 - Check plugin ddr
2024-05-23 01:42:46,197 [INFO] PluginManage:359 - Loaded plugin ddr (category:tool,tabindex:6)
2024-05-23 01:42:46,197 [INFO] PluginManage:310 - Check plugin filemanager
2024-05-23 01:42:46,299 [INFO] PluginManage:359 - Loaded plugin filemanager (category:base,tabindex:10)
2024-05-23 01:42:46,299 [INFO] PluginManage:310 - Check plugin ipmanager
2024-05-23 01:42:46,305 [INFO] PluginManage:359 - Loaded plugin ipmanager (category:base,tabindex:5)
2024-05-23 01:42:46,305 [INFO] PluginManage:310 - Check plugin lpbam
2024-05-23 01:42:46,318 [INFO] PluginManage:359 - Loaded plugin lpbam (category:base,tabindex:0)
2024-05-23 01:42:46,319 [INFO] PluginManage:310 - Check plugin memorymap
2024-05-23 01:42:46,336 [INFO] PluginManage:359 - Loaded plugin memorymap (category:base,tabindex:4)
2024-05-23 01:42:46,336 [INFO] PluginManage:310 - Check plugin pinoutandconfiguration
2024-05-23 01:42:46,348 [INFO] PluginManage:359 - Loaded plugin pinoutandconfiguration (category:base,tabindex:1)
2024-05-23 01:42:46,348 [INFO] PluginManage:310 - Check plugin pinoutconfig
2024-05-23 01:42:46,414 [WARN] SupportedApi:132 - Cannot load RTOS API schema: s4s-elt-must-match.1: The content of 'definitions' must match (annotation?, (simpleType | complexType)?, (unique | key | keyref)*)). A problem was found starting at: attribute.
2024-05-23 01:42:46,497 [INFO] PluginManage:359 - Loaded plugin pinoutconfig (category:base,tabindex:0)
2024-05-23 01:42:46,497 [INFO] PluginManage:310 - Check plugin power
2024-05-23 01:42:46,512 [INFO] PluginManage:359 - Loaded plugin power (category:power,tabindex:4)
2024-05-23 01:42:46,512 [INFO] PluginManage:310 - Check plugin projectmanager
2024-05-23 01:42:46,523 [INFO] PluginManage:359 - Loaded plugin projectmanager (category:projectmanager,tabindex:3)
2024-05-23 01:42:46,523 [INFO] PluginManage:310 - Check plugin thirdparty
2024-05-23 01:42:46,681 [INFO] PluginManage:359 - Loaded plugin thirdparty (category:base,tabindex:-1)
2024-05-23 01:42:46,681 [INFO] PluginManage:310 - Check plugin tools
2024-05-23 01:42:46,681 [WARN] IntegrityCheckThread:84 - waiting for thirdparty lock release [integrity check]
2024-05-23 01:42:46,682 [INFO] IntegrityCheckThread:86 - entering critical section [integrity check]
2024-05-23 01:42:46,682 [INFO] ThirdPartyUpdaterWithRetryManager:70 - Updater plugin not ready yet. [1/15]
2024-05-23 01:42:46,704 [INFO] PluginManage:359 - Loaded plugin tools (category:base,tabindex:7)
2024-05-23 01:42:46,704 [INFO] PluginManage:310 - Check plugin tutovideos
2024-05-23 01:42:46,830 [INFO] PluginManage:359 - Loaded plugin tutovideos (category:base,tabindex:-1)
2024-05-23 01:42:46,830 [INFO] PluginManage:310 - Check plugin updater
2024-05-23 01:42:46,838 [INFO] PluginManage:359 - Loaded plugin updater (category:base,tabindex:12)
2024-05-23 01:42:46,838 [INFO] PluginManage:310 - Check plugin userauth
2024-05-23 01:42:46,841 [INFO] UserAuth:114 - Init User Auth plugin
2024-05-23 01:42:46,841 [INFO] PluginManage:359 - Loaded plugin userauth (category:base,tabindex:14)
2024-05-23 01:42:46,842 [INFO] PluginManage:283 - PluginManage : Loaded plugins [17]
2024-05-23 01:42:46,996 [INFO] PinOutPanel:1561 - setPackage(No Configuration,No Configuration)
2024-05-23 01:42:47,070 [INFO] CADModel:165 - CPN selected for project level
2024-05-23 01:42:47,070 [INFO] CADModel:114 - Register for checkConnection events
2024-05-23 01:42:47,090 [INFO] IPUIPlugin:80 - create IPUIPlugin
2024-05-23 01:42:47,090 [INFO] PluginManager:220 - loadIPPluginJar : add adc
2024-05-23 01:42:47,114 [INFO] IPUIPlugin:80 - create IPUIPlugin
2024-05-23 01:42:47,114 [INFO] PluginManager:220 - loadIPPluginJar : add aes
2024-05-23 01:42:47,139 [INFO] IPUIPlugin:80 - create IPUIPlugin
2024-05-23 01:42:47,139 [INFO] PluginManager:220 - loadIPPluginJar : add can
2024-05-23 01:42:47,152 [INFO] IPUIPlugin:80 - create IPUIPlugin
2024-05-23 01:42:47,152 [INFO] PluginManager:220 - loadIPPluginJar : add comp
2024-05-23 01:42:47,171 [INFO] IPUIPlugin:80 - create IPUIPlugin
2024-05-23 01:42:47,171 [INFO] PluginManager:220 - loadIPPluginJar : add cryp
2024-05-23 01:42:47,188 [INFO] IPUIPlugin:80 - create IPUIPlugin
2024-05-23 01:42:47,188 [INFO] PluginManager:220 - loadIPPluginJar : add dfsdm
2024-05-23 01:42:47,197 [INFO] IPUIPlugin:80 - create IPUIPlugin
2024-05-23 01:42:47,197 [INFO] PluginManager:220 - loadIPPluginJar : add dma
2024-05-23 01:42:47,222 [INFO] IPUIPlugin:80 - create IPUIPlugin
2024-05-23 01:42:47,222 [INFO] PluginManager:220 - loadIPPluginJar : add dma3
2024-05-23 01:42:47,248 [INFO] IPUIPlugin:80 - create IPUIPlugin
2024-05-23 01:42:47,248 [INFO] PluginManager:220 - loadIPPluginJar : add extmemmanager
2024-05-23 01:42:47,259 [INFO] IPUIPlugin:80 - create IPUIPlugin
2024-05-23 01:42:47,259 [INFO] PluginManager:220 - loadIPPluginJar : add fatfs
2024-05-23 01:42:47,287 [INFO] IPUIPlugin:80 - create IPUIPlugin
2024-05-23 01:42:47,287 [INFO] PluginManager:220 - loadIPPluginJar : add fmc
2024-05-23 01:42:47,296 [INFO] IPUIPlugin:80 - create IPUIPlugin
2024-05-23 01:42:47,296 [INFO] PluginManager:220 - loadIPPluginJar : add freertos
2024-05-23 01:42:47,308 [INFO] IPUIPlugin:80 - create IPUIPlugin
2024-05-23 01:42:47,308 [INFO] PluginManager:220 - loadIPPluginJar : add genericplugin
2024-05-23 01:42:47,363 [INFO] IPUIPlugin:80 - create IPUIPlugin
2024-05-23 01:42:47,363 [INFO] PluginManager:220 - loadIPPluginJar : add gfxmmu
2024-05-23 01:42:47,439 [INFO] IPUIPlugin:80 - create IPUIPlugin
2024-05-23 01:42:47,439 [INFO] PluginManager:220 - loadIPPluginJar : add gic
2024-05-23 01:42:47,447 [INFO] IPUIPlugin:80 - create IPUIPlugin
2024-05-23 01:42:47,447 [INFO] PluginManager:220 - loadIPPluginJar : add gpio
2024-05-23 01:42:47,502 [INFO] IPUIPlugin:80 - create IPUIPlugin
2024-05-23 01:42:47,502 [INFO] PluginManager:220 - loadIPPluginJar : add gtzc
2024-05-23 01:42:47,520 [INFO] IPUIPlugin:80 - create IPUIPlugin
2024-05-23 01:42:47,520 [INFO] PluginManager:220 - loadIPPluginJar : add hash
2024-05-23 01:42:47,550 [INFO] IPUIPlugin:80 - create IPUIPlugin
2024-05-23 01:42:47,550 [INFO] PluginManager:220 - loadIPPluginJar : add i2c
2024-05-23 01:42:47,572 [INFO] IPUIPlugin:80 - create IPUIPlugin
2024-05-23 01:42:47,572 [INFO] PluginManager:220 - loadIPPluginJar : add i2s
2024-05-23 01:42:47,596 [INFO] IPUIPlugin:80 - create IPUIPlugin
2024-05-23 01:42:47,596 [INFO] PluginManager:220 - loadIPPluginJar : add i3c
2024-05-23 01:42:47,660 [INFO] IPUIPlugin:80 - create IPUIPlugin
2024-05-23 01:42:47,660 [INFO] PluginManager:220 - loadIPPluginJar : add ipddr
2024-05-23 01:42:47,714 [INFO] IPUIPlugin:80 - create IPUIPlugin
2024-05-23 01:42:47,714 [INFO] PluginManager:220 - loadIPPluginJar : add linkedlist
2024-05-23 01:42:47,735 [INFO] IPUIPlugin:80 - create IPUIPlugin
2024-05-23 01:42:47,735 [INFO] PluginManager:220 - loadIPPluginJar : add lorawan
2024-05-23 01:42:47,757 [INFO] IPUIPlugin:80 - create IPUIPlugin
2024-05-23 01:42:47,757 [INFO] PluginManager:220 - loadIPPluginJar : add ltdc
2024-05-23 01:42:47,766 [INFO] IPUIPlugin:80 - create IPUIPlugin
2024-05-23 01:42:47,766 [INFO] PluginManager:220 - loadIPPluginJar : add mdma
2024-05-23 01:42:47,773 [INFO] IPUIPlugin:80 - create IPUIPlugin
2024-05-23 01:42:47,773 [INFO] PluginManager:220 - loadIPPluginJar : add nvic
2024-05-23 01:42:47,795 [INFO] IPUIPlugin:80 - create IPUIPlugin
2024-05-23 01:42:47,795 [INFO] PluginManager:220 - loadIPPluginJar : add opamp
2024-05-23 01:42:47,832 [INFO] IPUIPlugin:80 - create IPUIPlugin
2024-05-23 01:42:47,832 [INFO] PluginManager:220 - loadIPPluginJar : add openamp
2024-05-23 01:42:47,858 [INFO] IPUIPlugin:80 - create IPUIPlugin
2024-05-23 01:42:47,858 [INFO] PluginManager:220 - loadIPPluginJar : add pdm2pcm
2024-05-23 01:42:47,867 [INFO] IPUIPlugin:80 - create IPUIPlugin
2024-05-23 01:42:47,868 [INFO] PluginManager:220 - loadIPPluginJar : add plateformsettings
2024-05-23 01:42:47,881 [INFO] IPUIPlugin:80 - create IPUIPlugin
2024-05-23 01:42:47,881 [INFO] PluginManager:220 - loadIPPluginJar : add quadspi
2024-05-23 01:42:47,889 [INFO] IPUIPlugin:80 - create IPUIPlugin
2024-05-23 01:42:47,889 [INFO] PluginManager:220 - loadIPPluginJar : add resmgrutility
2024-05-23 01:42:47,917 [INFO] IPUIPlugin:80 - create IPUIPlugin
2024-05-23 01:42:47,917 [INFO] PluginManager:220 - loadIPPluginJar : add sai
2024-05-23 01:42:47,938 [INFO] IPUIPlugin:80 - create IPUIPlugin
2024-05-23 01:42:47,938 [INFO] PluginManager:220 - loadIPPluginJar : add spi
2024-05-23 01:42:47,979 [INFO] IPUIPlugin:80 - create IPUIPlugin
2024-05-23 01:42:47,979 [INFO] PluginManager:220 - loadIPPluginJar : add stm32_wpan
2024-05-23 01:42:47,993 [INFO] IPUIPlugin:80 - create IPUIPlugin
2024-05-23 01:42:47,993 [INFO] PluginManager:220 - loadIPPluginJar : add tim
2024-05-23 01:42:48,028 [INFO] IPUIPlugin:80 - create IPUIPlugin
2024-05-23 01:42:48,028 [INFO] PluginManager:220 - loadIPPluginJar : add touchsensing
2024-05-23 01:42:48,041 [INFO] IPUIPlugin:80 - create IPUIPlugin
2024-05-23 01:42:48,041 [INFO] PluginManager:220 - loadIPPluginJar : add tracer_emb
2024-05-23 01:42:48,054 [INFO] IPUIPlugin:80 - create IPUIPlugin
2024-05-23 01:42:48,054 [INFO] PluginManager:220 - loadIPPluginJar : add ts
2024-05-23 01:42:48,072 [INFO] IPUIPlugin:80 - create IPUIPlugin
2024-05-23 01:42:48,072 [INFO] PluginManager:220 - loadIPPluginJar : add tsc
2024-05-23 01:42:48,087 [INFO] IPUIPlugin:80 - create IPUIPlugin
2024-05-23 01:42:48,087 [INFO] PluginManager:220 - loadIPPluginJar : add ucpd
2024-05-23 01:42:48,114 [INFO] IPUIPlugin:80 - create IPUIPlugin
2024-05-23 01:42:48,114 [INFO] PluginManager:220 - loadIPPluginJar : add usart
2024-05-23 01:42:48,141 [INFO] IPUIPlugin:80 - create IPUIPlugin
2024-05-23 01:42:48,141 [INFO] PluginManager:220 - loadIPPluginJar : add usbx
2024-05-23 01:42:48,270 [INFO] CADModel:165 - CPN selected for project level
2024-05-23 01:42:48,270 [INFO] CADModel:114 - Register for checkConnection events
2024-05-23 01:42:48,270 [FATAL] Updater:308 - Updater called before beeing initialized
2024-05-23 01:42:48,270 [ERROR] CADModel:125 - Updater not yet initialized, retry later 
2024-05-23 01:42:48,358 [INFO] CADModel:165 - CPN selected for project level
2024-05-23 01:42:48,359 [INFO] CADModel:114 - Register for checkConnection events
2024-05-23 01:42:48,359 [FATAL] Updater:308 - Updater called before beeing initialized
2024-05-23 01:42:48,359 [ERROR] CADModel:125 - Updater not yet initialized, retry later 
2024-05-23 01:42:48,361 [FATAL] Updater:308 - Updater called before beeing initialized
2024-05-23 01:42:48,449 [FATAL] Updater:308 - Updater called before beeing initialized
2024-05-23 01:42:48,455 [INFO] DbMcusAds:53 - JSON generation date=Thu May 02 17:37:27 KST 2024 (1714639047740)
2024-05-23 01:42:48,455 [FATAL] Updater:308 - Updater called before beeing initialized
2024-05-23 01:42:48,510 [WARN] DetailPanel:346 - Failed to get advertising image, set to default
2024-05-23 01:42:48,591 [FATAL] Updater:308 - Updater called before beeing initialized
2024-05-23 01:42:48,592 [FATAL] Updater:308 - Updater called before beeing initialized
2024-05-23 01:42:48,592 [FATAL] Updater:308 - Updater called before beeing initialized
2024-05-23 01:42:48,592 [WARN] DetailPanel:346 - Failed to get advertising image, set to default
2024-05-23 01:42:48,593 [FATAL] Updater:308 - Updater called before beeing initialized
2024-05-23 01:42:48,635 [ERROR] Updater:1120 - MainUpdater not yet initialized. External WinMGr cannot be set.
2024-05-23 01:42:48,641 [INFO] Updater:1056 - Updater Version found : 6.11.1
2024-05-23 01:42:48,654 [INFO] ApplicationProperties:184 - Using Application install path: C:\ST\STM32CubeIDE_1.15.1\STM32CubeIDE\plugins\com.st.stm32cube.common.mx_6.11.1.202404110753
2024-05-23 01:42:49,683 [INFO] ThirdPartyUpdaterWithRetryManager:70 - Updater plugin not ready yet. [2/15]
2024-05-23 01:42:50,226 [ERROR] LogOutputStream:75 - [STDERR_REDIRECT] May 23, 2024 1:42:50 AM java.util.prefs.WindowsPreferences <init>
2024-05-23 01:42:50,227 [ERROR] LogOutputStream:75 - [STDERR_REDIRECT] WARNING: Could not open/create prefs root node Software\JavaSoft\Prefs at root 0xffffffff80000002. Windows RegCreateKeyEx(...) returned error code 5.
2024-05-23 01:42:50,227 [ERROR] LogOutputStream:75 - [STDERR_REDIRECT] 
2024-05-23 01:42:50,723 [INFO] MainUpdater:2873 - connection check result : 10
2024-05-23 01:42:50,724 [INFO] MainUpdater:3567 - Updater definition file requires update
2024-05-23 01:42:50,724 [INFO] MainUpdater:290 - Updater Check For Update Now.
2024-05-23 01:42:50,725 [INFO] MicroXplorer:498 - Change Database Version : DB.6.0.111
2024-05-23 01:42:50,735 [INFO] McuFinderGlobals:63 - Set McuFinder mode to 2 (CubeIDE integrated)
2024-05-23 01:42:50,741 [INFO] UserAuth:415 - Internet connection configuration mode: 1
2024-05-23 01:42:50,755 [INFO] JxBrowserEngine:152 - Initiate JxBrowser Engine with user profile folder
2024-05-23 01:42:51,082 [INFO] ServerAccessManage:473 - Download File updaters.zip
2024-05-23 01:42:51,356 [INFO] FileExtend:240 - Unzip File : updaters.zip
2024-05-23 01:42:51,356 [INFO] FileExtend:255 - Standard Zip Deflate
2024-05-23 01:42:51,825 [INFO] ServerAccessManage:473 - Download File PacksControlFlags.xml
2024-05-23 01:42:51,986 [INFO] ServerAccessManage:473 - Download File cubemx.pidx
2024-05-23 01:42:52,542 [INFO] ServerAccessManage:473 - Download File STMicroelectronics.X-CUBE-ALS.pdsc
2024-05-23 01:42:52,685 [WARN] MainUpdater:1194 - Updater busy. Cannot search thirdparties
2024-05-23 01:42:52,685 [INFO] ThirdPartyUpdaterWithRetryManager:96 - Updater plugin is busy. [1/15]
2024-05-23 01:42:53,935 [WARN] PackLoader:240 - Cannot read IP mode file for STMicroelectronics.X-CUBE-ALS.1.0.2
2024-05-23 01:42:53,937 [INFO] PopulateThirdPartyThread:66 - Ending populate Thread
2024-05-23 01:42:53,938 [INFO] ThirdParty:1030 - CMSIS Pack Vendor :STMicroelectronics X-CUBE-ALS 1.0.2
2024-05-23 01:42:53,938 [INFO] LoadServerUpdatesThread:375 - End of LoadServerUpdate Thread
2024-05-23 01:42:54,073 [INFO] CheckServerUpdateThread:120 - End of CheckServer Thread
2024-05-23 01:42:54,093 [INFO] WebApp:161 - Instantiating new browser for Auth
2024-05-23 01:42:54,452 [INFO] WebApp:779 - Register for checkConnection events
2024-05-23 01:42:54,452 [INFO] WebApp:414 - Apply proxy settings
2024-05-23 01:42:54,452 [INFO] WebApp:499 - Chromium requires no authentication
2024-05-23 01:42:54,457 [INFO] WebApp:442 - Direct internet connection detected
2024-05-23 01:42:54,567 [INFO] WebApp:192 - Starting web application
2024-05-23 01:42:54,567 [INFO] WebApp:544 - Web application path used C:\ST\STM32CubeIDE_1.15.1\STM32CubeIDE\plugins\com.st.stm32cube.common.mx_6.11.1.202404110753\db\plugins\mcufinder\reactClient1\index.html
2024-05-23 01:42:55,879 [WARN] PackLoader:240 - Cannot read IP mode file for STMicroelectronics.FP-SNS-MOTENVWB1.1.4.0
2024-05-23 01:42:55,890 [WARN] PackLoader:240 - Cannot read IP mode file for STMicroelectronics.X-CUBE-SMBUS.2.1.0
2024-05-23 01:42:55,900 [WARN] PackLoader:240 - Cannot read IP mode file for STMicroelectronics.X-CUBE-TOUCHGFX.4.23.2
2024-05-23 01:42:55,922 [WARN] PackLoader:240 - Cannot read IP mode file for STMicroelectronics.X-CUBE-AZRTOS-F7.1.1.0
2024-05-23 01:42:55,929 [WARN] PackLoader:240 - Cannot read IP mode file for STMicroelectronics.FP-SNS-FLIGHT1.5.0.2
2024-05-23 01:42:55,940 [WARN] PackLoader:240 - Cannot read IP mode file for STMicroelectronics.X-CUBE-DISPLAY.3.0.0
2024-05-23 01:42:55,954 [WARN] PackLoader:240 - Cannot read IP mode file for STMicroelectronics.X-CUBE-BLE1.7.0.0
2024-05-23 01:42:55,964 [WARN] PackLoader:240 - Cannot read IP mode file for emotas.I-CUBE-CANOPEN.1.3.0
2024-05-23 01:42:55,976 [WARN] PackLoader:240 - Cannot read IP mode file for STMicroelectronics.X-CUBE-BLEMGR.3.1.0
2024-05-23 01:42:55,987 [WARN] PackLoader:240 - Cannot read IP mode file for STMicroelectronics.FP-SNS-SMARTAG2.1.2.0
2024-05-23 01:42:56,001 [INFO] LogOutputStream:77 - [STDOUT_REDIRECT] 1 : Invalid condition id : UX_CORESTACK_Condition cause : null
2024-05-23 01:42:56,001 [INFO] LogOutputStream:77 - [STDOUT_REDIRECT] 1 : Invalid condition id : UX_CORESTACK_Condition cause : null
2024-05-23 01:42:56,002 [INFO] LogOutputStream:77 - [STDOUT_REDIRECT] 1 : Invalid condition id : UX_CORESTACK_Condition cause : null
2024-05-23 01:42:56,002 [INFO] LogOutputStream:77 - [STDOUT_REDIRECT] 1 : Invalid condition id : UX_CORESTACK_Condition cause : null
2024-05-23 01:42:56,003 [INFO] LogOutputStream:77 - [STDOUT_REDIRECT] 1 : Invalid condition id : UX_CORESTACK_Condition cause : null
2024-05-23 01:42:56,005 [WARN] PackLoader:240 - Cannot read IP mode file for STMicroelectronics.X-CUBE-AZRTOS-WL.2.0.0
2024-05-23 01:42:56,015 [WARN] PackLoader:240 - Cannot read IP mode file for STMicroelectronics.FP-SNS-MOTENV1.5.0.0
2024-05-23 01:42:56,026 [WARN] PackLoader:240 - Cannot read IP mode file for WES.I-CUBE-Cesium.1.3.0
2024-05-23 01:42:56,035 [WARN] PackLoader:240 - Cannot read IP mode file for STMicroelectronics.X-CUBE-BLE2.3.3.0
2024-05-23 01:42:56,044 [WARN] PackLoader:240 - Cannot read IP mode file for STMicroelectronics.X-CUBE-TCPP.4.1.0
2024-05-23 01:42:56,064 [WARN] PackLoader:240 - Cannot read IP mode file for STMicroelectronics.X-CUBE-AZRTOS-G0.1.1.0
2024-05-23 01:42:56,077 [WARN] PackLoader:240 - Cannot read IP mode file for STMicroelectronics.X-CUBE-SAFEA1.1.2.2
2024-05-23 01:42:56,087 [WARN] PackLoader:240 - Cannot read IP mode file for STMicroelectronics.X-CUBE-NFC4.3.0.0
2024-05-23 01:42:56,098 [WARN] PackLoader:240 - Cannot read IP mode file for wolfSSL.I-CUBE-wolfSSL.5.7.0
2024-05-23 01:42:56,102 [WARN] PackLoader:240 - Cannot read IP mode file for STMicroelectronics.FP-ATR-SIGFOX1.3.2.0
2024-05-23 01:42:56,112 [WARN] PackLoader:240 - Cannot read IP mode file for STMicroelectronics.X-CUBE-EEPRMA1.5.1.0
2024-05-23 01:42:56,124 [WARN] PackLoader:240 - Cannot read IP mode file for ITTIA_DB.I-CUBE-ITTIADB.8.9.0
2024-05-23 01:42:56,153 [WARN] PackLoader:240 - Cannot read IP mode file for SEGGER.I-CUBE-embOS.1.3.1
2024-05-23 01:42:56,181 [WARN] PackLoader:240 - Cannot read IP mode file for STMicroelectronics.X-CUBE-ALGOBUILD.1.4.0
2024-05-23 01:42:56,192 [WARN] PackLoader:240 - Cannot read IP mode file for STMicroelectronics.X-CUBE-GNSS1.6.0.0
2024-05-23 01:42:56,212 [WARN] PackLoader:240 - Cannot read IP mode file for STMicroelectronics.X-CUBE-AZRTOS-F4.1.1.0
2024-05-23 01:42:56,224 [WARN] PackLoader:240 - Cannot read IP mode file for STMicroelectronics.X-CUBE-FREERTOS.1.2.0
2024-05-23 01:42:56,245 [WARN] PackLoader:240 - Cannot read IP mode file for STMicroelectronics.X-CUBE-AZRTOS-L5.2.0.0
2024-05-23 01:42:56,258 [WARN] PackLoader:240 - Cannot read IP mode file for STMicroelectronics.X-CUBE-NFC6.3.1.0
2024-05-23 01:42:56,269 [WARN] PackLoader:240 - Cannot read IP mode file for STMicroelectronics.X-CUBE-AI.9.0.0
2024-05-23 01:42:56,279 [WARN] PackLoader:240 - Cannot read IP mode file for STMicroelectronics.X-CUBE-NFC7.1.0.1
2024-05-23 01:42:56,299 [WARN] ConditionMgr:438 - getConditionDescription Invalid condition id : LAN8742 Phy interface Condition cause : null
2024-05-23 01:42:56,300 [WARN] PackLoader:240 - Cannot read IP mode file for STMicroelectronics.X-CUBE-AZRTOS-L4.2.0.0
2024-05-23 01:42:56,301 [WARN] ConditionMgr:1039 - genDependencies : Invalid condition id : LAN8742 Phy interface Condition cause : null
2024-05-23 01:42:56,301 [WARN] ConditionMgr:1039 - genDependencies : Invalid condition id : LAN8742 Phy interface Condition cause : null
2024-05-23 01:42:56,301 [WARN] ConditionMgr:1039 - genDependencies : Invalid condition id : LAN8742 Phy interface Condition cause : null
2024-05-23 01:42:56,313 [WARN] PackLoader:240 - Cannot read IP mode file for STMicroelectronics.X-CUBE-SFXS2LP1.4.0.0
2024-05-23 01:42:56,330 [WARN] ConditionMgr:438 - getConditionDescription Invalid condition id : UX DEVICE CLASS RTOS Condition cause : null
2024-05-23 01:42:56,330 [WARN] ConditionMgr:438 - getConditionDescription Invalid condition id : UX DEVICE CLASS RTOS Condition cause : null
2024-05-23 01:42:56,331 [WARN] PackLoader:240 - Cannot read IP mode file for STMicroelectronics.X-CUBE-AZRTOS-WB.2.0.0
2024-05-23 01:42:56,331 [WARN] ConditionMgr:1039 - genDependencies : Invalid condition id : UX DEVICE CLASS RTOS Condition cause : null
2024-05-23 01:42:56,332 [WARN] ConditionMgr:1039 - genDependencies : Invalid condition id : UX DEVICE CLASS RTOS Condition cause : null
2024-05-23 01:42:56,332 [WARN] ConditionMgr:1039 - genDependencies : Invalid condition id : UX DEVICE CLASS RTOS Condition cause : null
2024-05-23 01:42:56,332 [WARN] ConditionMgr:1039 - genDependencies : Invalid condition id : UX DEVICE CLASS RTOS Condition cause : null
2024-05-23 01:42:56,332 [WARN] ConditionMgr:1039 - genDependencies : Invalid condition id : UX DEVICE CLASS RTOS Condition cause : null
2024-05-23 01:42:56,345 [WARN] PackLoader:240 - Cannot read IP mode file for STMicroelectronics.X-CUBE-SUBG2.5.0.0
2024-05-23 01:42:56,365 [WARN] PackLoader:240 - Cannot read IP mode file for STMicroelectronics.X-CUBE-AZRTOS-G4.2.0.0
2024-05-23 01:42:56,375 [WARN] PackLoader:240 - Cannot read IP mode file for STMicroelectronics.X-CUBE-ISPU.2.0.0
2024-05-23 01:42:56,380 [WARN] PackLoader:240 - Cannot read IP mode file for STMicroelectronics.X-CUBE-ALS.1.0.2
2024-05-23 01:42:56,414 [WARN] PackLoader:240 - Cannot read IP mode file for STMicroelectronics.X-CUBE-MEMS1.10.0.0
2024-05-23 01:42:56,471 [WARN] PackLoader:240 - Cannot read IP mode file for portGmbH.I-Cube-SoM-uGOAL.1.1.0
2024-05-23 01:42:56,479 [WARN] PackLoader:240 - Cannot read IP mode file for STMicroelectronics.X-CUBE-ALS.1.0.1
2024-05-23 01:42:56,498 [WARN] PackLoader:240 - Cannot read IP mode file for STMicroelectronics.X-CUBE-AZRTOS-H7RS.1.0.0
2024-05-23 01:42:56,503 [WARN] PackLoader:240 - Cannot read IP mode file for STMicroelectronics.FP-ATR-ASTRA1.2.0.0
2024-05-23 01:42:56,516 [WARN] PackLoader:240 - Cannot read IP mode file for STMicroelectronics.X-CUBE-TOF1.3.4.1
2024-05-23 01:42:56,545 [WARN] PackLoader:240 - Cannot read IP mode file for STMicroelectronics.X-CUBE-AZRTOS-H7.3.2.0
2024-05-23 01:42:56,565 [WARN] PackLoader:240 - Cannot read IP mode file for Infineon.AIROC-Wi-Fi-Bluetooth-STM32.1.6.0
2024-05-23 01:42:56,569 [INFO] ThirdParty:978 - Integrity check success = true
2024-05-23 01:42:56,569 [INFO] IntegrityCheckThread:100 - exiting critical section [integrity check]
2024-05-23 01:42:56,569 [INFO] IntegrityCheckThread:103 - End integrity checks thread
2024-05-23 02:17:59,529 [ERROR] LogOutputStream:75 - [STDERR_REDIRECT] 
