2024-05-12 23:51:25,527 [ERROR] LogOutputStream:75 - [STDERR_REDIRECT] 
2024-05-12 23:52:55,136 [INFO] Activator:176 - 


2024-05-12 23:52:55,137 [INFO] Activator:177 - !SESSION log4j initialized
2024-05-12 23:52:58,821 [INFO] LogOutputStream:77 - [STDOUT_REDIRECT] 
2024-05-12 23:53:00,522 [INFO] ApplicationProperties:184 - Using Application install path: C:\ST\STM32CubeIDE_1.15.1\STM32CubeIDE\plugins\com.st.stm32cube.common.mx_6.11.1.202404110753
2024-05-12 23:53:00,533 [INFO] DbMcusXml:78 - Set database path to: C:\ST\STM32CubeIDE_1.15.1\STM32CubeIDE\plugins\com.st.stm32cube.common.mx_6.11.1.202404110753\\db\/mcu/
2024-05-12 23:53:00,533 [INFO] ApiDb:274 - Set plugin database path to: C:\ST\STM32CubeIDE_1.15.1\STM32CubeIDE\plugins\com.st.stm32cube.common.mx_6.11.1.202404110753\\db\/plugins/boardmanager/
2024-05-12 23:53:00,533 [WARN] ApiDb:259 - Overriding images path with different value:  => C:\ST\STM32CubeIDE_1.15.1\STM32CubeIDE\plugins\com.st.stm32cube.common.mx_6.11.1.202404110753\\db\/plugins/mcufinder/images/
2024-05-12 23:53:00,538 [INFO] ApiDb:250 - Set database path to: C:\Users\Yoon\.stmcufinder\plugins\mcufinder//mcu/
2024-05-12 23:53:00,539 [INFO] DbMcusAds:125 - Set database path to: C:\Users\Yoon\.stmcufinder\plugins\mcufinder//mcu/
2024-05-12 23:53:00,540 [INFO] CrossReferenceDbSqlite:203 - Set database path to: C:\Users\Yoon\.stmcufinder\plugins\mcufinder//mcu/cs/
2024-05-12 23:53:00,619 [INFO] RulesReader:64 - Compatibility file has been processed (297 Rules)
2024-05-12 23:53:00,693 [INFO] DbMcusXml:78 - Set database path to: C:\ST\STM32CubeIDE_1.15.1\STM32CubeIDE\plugins\com.st.stm32cube.common.mx_6.11.1.202404110753\\db\/mcu/
2024-05-12 23:53:00,693 [INFO] ApiDb:274 - Set plugin database path to: C:\ST\STM32CubeIDE_1.15.1\STM32CubeIDE\plugins\com.st.stm32cube.common.mx_6.11.1.202404110753\\db\/plugins/boardmanager/
2024-05-12 23:53:00,693 [INFO] ApiDb:261 - Set plugin images path to: C:\ST\STM32CubeIDE_1.15.1\STM32CubeIDE\plugins\com.st.stm32cube.common.mx_6.11.1.202404110753\\db\/plugins/mcufinder/images/
2024-05-12 23:53:00,694 [WARN] DbFile:41 - Overriding database path with different value: C:\Users\Yoon\.stmcufinder\plugins\mcufinder/ => C:\Users\Yoon\.stmcufinder\plugins\mcufinder
2024-05-12 23:53:00,694 [INFO] ApiDb:250 - Set database path to: C:\Users\Yoon\.stmcufinder\plugins\mcufinder//mcu/
2024-05-12 23:53:00,694 [WARN] DbFile:41 - Overriding database path with different value: C:\Users\Yoon\.stmcufinder\plugins\mcufinder/ => C:\Users\Yoon\.stmcufinder\plugins\mcufinder
2024-05-12 23:53:00,694 [INFO] DbMcusAds:125 - Set database path to: C:\Users\Yoon\.stmcufinder\plugins\mcufinder//mcu/
2024-05-12 23:53:00,694 [WARN] DbFile:41 - Overriding database path with different value: C:\Users\Yoon\.stmcufinder\plugins\mcufinder/ => C:\Users\Yoon\.stmcufinder\plugins\mcufinder
2024-05-12 23:53:00,694 [WARN] DbFile:41 - Overriding database path with different value: C:\Users\Yoon\.stmcufinder\plugins\mcufinder/ => C:\Users\Yoon\.stmcufinder\plugins\mcufinder
2024-05-12 23:53:00,694 [INFO] CrossReferenceDbSqlite:203 - Set database path to: C:\Users\Yoon\.stmcufinder\plugins\mcufinder//mcu/cs/
2024-05-12 23:53:00,755 [INFO] MainPanel:264 - HeapMemory: 268435456
2024-05-12 23:53:00,794 [INFO] DbMcusXml:78 - Set database path to: C:\ST\STM32CubeIDE_1.15.1\STM32CubeIDE\plugins\com.st.stm32cube.common.mx_6.11.1.202404110753\\db\/mcu/
2024-05-12 23:53:00,794 [INFO] ApiDb:274 - Set plugin database path to: C:\ST\STM32CubeIDE_1.15.1\STM32CubeIDE\plugins\com.st.stm32cube.common.mx_6.11.1.202404110753\\db\/plugins/boardmanager/
2024-05-12 23:53:00,794 [INFO] ApiDb:261 - Set plugin images path to: C:\ST\STM32CubeIDE_1.15.1\STM32CubeIDE\plugins\com.st.stm32cube.common.mx_6.11.1.202404110753\\db\/plugins/mcufinder/images/
2024-05-12 23:53:00,794 [WARN] DbFile:41 - Overriding database path with different value: C:\Users\Yoon\.stmcufinder\plugins\mcufinder/ => C:\Users\Yoon\.stmcufinder\plugins\mcufinder
2024-05-12 23:53:00,794 [INFO] ApiDb:250 - Set database path to: C:\Users\Yoon\.stmcufinder\plugins\mcufinder//mcu/
2024-05-12 23:53:00,794 [WARN] DbFile:41 - Overriding database path with different value: C:\Users\Yoon\.stmcufinder\plugins\mcufinder/ => C:\Users\Yoon\.stmcufinder\plugins\mcufinder
2024-05-12 23:53:00,795 [INFO] DbMcusAds:125 - Set database path to: C:\Users\Yoon\.stmcufinder\plugins\mcufinder//mcu/
2024-05-12 23:53:00,795 [WARN] DbFile:41 - Overriding database path with different value: C:\Users\Yoon\.stmcufinder\plugins\mcufinder/ => C:\Users\Yoon\.stmcufinder\plugins\mcufinder
2024-05-12 23:53:00,795 [WARN] DbFile:41 - Overriding database path with different value: C:\Users\Yoon\.stmcufinder\plugins\mcufinder/ => C:\Users\Yoon\.stmcufinder\plugins\mcufinder
2024-05-12 23:53:00,795 [INFO] CrossReferenceDbSqlite:203 - Set database path to: C:\Users\Yoon\.stmcufinder\plugins\mcufinder//mcu/cs/
2024-05-12 23:53:00,806 [INFO] ApplicationProperties:184 - Using Application install path: C:\ST\STM32CubeIDE_1.15.1\STM32CubeIDE\plugins\com.st.stm32cube.common.mx_6.11.1.202404110753
2024-05-12 23:53:00,807 [INFO] PluginManage:196 - Search for loadable plugins [exclusion list=, ]
2024-05-12 23:53:00,808 [INFO] PluginManage:310 - Check plugin analytics
2024-05-12 23:53:00,906 [INFO] AnalyticsPlugin:253 - Accepted Software Licenses: 
2024-05-12 23:53:00,906 [INFO] AnalyticsPlugin:255 - Accepted CMSIS Pack Licenses: 
2024-05-12 23:53:00,906 [INFO] AnalyticsPlugin:257 - Accepted Firmware Licenses: 
2024-05-12 23:53:00,908 [INFO] PluginManage:359 - Loaded plugin analytics (category:tool,tabindex:-1)
2024-05-12 23:53:00,908 [INFO] PluginManage:310 - Check plugin cadmodel
2024-05-12 23:53:00,917 [INFO] CADModel:105 - Init CAD model plugin
2024-05-12 23:53:00,918 [INFO] PluginManage:359 - Loaded plugin cadmodel (category:power,tabindex:5)
2024-05-12 23:53:00,918 [INFO] PluginManage:310 - Check plugin clock
2024-05-12 23:53:00,930 [INFO] PluginManage:359 - Loaded plugin clock (category:base,tabindex:2)
2024-05-12 23:53:00,930 [INFO] PluginManage:310 - Check plugin ddr
2024-05-12 23:53:00,931 [INFO] PluginManage:359 - Loaded plugin ddr (category:tool,tabindex:6)
2024-05-12 23:53:00,931 [INFO] PluginManage:310 - Check plugin filemanager
2024-05-12 23:53:01,020 [INFO] PluginManage:359 - Loaded plugin filemanager (category:base,tabindex:10)
2024-05-12 23:53:01,020 [INFO] PluginManage:310 - Check plugin ipmanager
2024-05-12 23:53:01,026 [INFO] PluginManage:359 - Loaded plugin ipmanager (category:base,tabindex:5)
2024-05-12 23:53:01,026 [INFO] PluginManage:310 - Check plugin lpbam
2024-05-12 23:53:01,037 [INFO] PluginManage:359 - Loaded plugin lpbam (category:base,tabindex:0)
2024-05-12 23:53:01,037 [INFO] PluginManage:310 - Check plugin memorymap
2024-05-12 23:53:01,050 [INFO] PluginManage:359 - Loaded plugin memorymap (category:base,tabindex:4)
2024-05-12 23:53:01,050 [INFO] PluginManage:310 - Check plugin pinoutandconfiguration
2024-05-12 23:53:01,062 [INFO] PluginManage:359 - Loaded plugin pinoutandconfiguration (category:base,tabindex:1)
2024-05-12 23:53:01,062 [INFO] PluginManage:310 - Check plugin pinoutconfig
2024-05-12 23:53:01,122 [WARN] SupportedApi:132 - Cannot load RTOS API schema: s4s-elt-must-match.1: The content of 'definitions' must match (annotation?, (simpleType | complexType)?, (unique | key | keyref)*)). A problem was found starting at: attribute.
2024-05-12 23:53:01,198 [INFO] PluginManage:359 - Loaded plugin pinoutconfig (category:base,tabindex:0)
2024-05-12 23:53:01,198 [INFO] PluginManage:310 - Check plugin power
2024-05-12 23:53:01,209 [INFO] PluginManage:359 - Loaded plugin power (category:power,tabindex:4)
2024-05-12 23:53:01,209 [INFO] PluginManage:310 - Check plugin projectmanager
2024-05-12 23:53:01,220 [INFO] PluginManage:359 - Loaded plugin projectmanager (category:projectmanager,tabindex:3)
2024-05-12 23:53:01,220 [INFO] PluginManage:310 - Check plugin thirdparty
2024-05-12 23:53:01,369 [INFO] PluginManage:359 - Loaded plugin thirdparty (category:base,tabindex:-1)
2024-05-12 23:53:01,370 [INFO] PluginManage:310 - Check plugin tools
2024-05-12 23:53:01,369 [WARN] IntegrityCheckThread:84 - waiting for thirdparty lock release [integrity check]
2024-05-12 23:53:01,370 [INFO] IntegrityCheckThread:86 - entering critical section [integrity check]
2024-05-12 23:53:01,370 [INFO] ThirdPartyUpdaterWithRetryManager:70 - Updater plugin not ready yet. [1/15]
2024-05-12 23:53:01,391 [INFO] PluginManage:359 - Loaded plugin tools (category:base,tabindex:7)
2024-05-12 23:53:01,391 [INFO] PluginManage:310 - Check plugin tutovideos
2024-05-12 23:53:01,518 [INFO] PluginManage:359 - Loaded plugin tutovideos (category:base,tabindex:-1)
2024-05-12 23:53:01,518 [INFO] PluginManage:310 - Check plugin updater
2024-05-12 23:53:01,524 [INFO] PluginManage:359 - Loaded plugin updater (category:base,tabindex:12)
2024-05-12 23:53:01,524 [INFO] PluginManage:310 - Check plugin userauth
2024-05-12 23:53:01,527 [INFO] UserAuth:114 - Init User Auth plugin
2024-05-12 23:53:01,527 [INFO] PluginManage:359 - Loaded plugin userauth (category:base,tabindex:14)
2024-05-12 23:53:01,528 [INFO] PluginManage:283 - PluginManage : Loaded plugins [17]
2024-05-12 23:53:01,678 [INFO] PinOutPanel:1561 - setPackage(No Configuration,No Configuration)
2024-05-12 23:53:01,748 [INFO] CADModel:165 - CPN selected for project level
2024-05-12 23:53:01,748 [INFO] CADModel:114 - Register for checkConnection events
2024-05-12 23:53:01,764 [INFO] IPUIPlugin:80 - create IPUIPlugin
2024-05-12 23:53:01,764 [INFO] PluginManager:220 - loadIPPluginJar : add adc
2024-05-12 23:53:01,787 [INFO] IPUIPlugin:80 - create IPUIPlugin
2024-05-12 23:53:01,787 [INFO] PluginManager:220 - loadIPPluginJar : add aes
2024-05-12 23:53:01,810 [INFO] IPUIPlugin:80 - create IPUIPlugin
2024-05-12 23:53:01,810 [INFO] PluginManager:220 - loadIPPluginJar : add can
2024-05-12 23:53:01,823 [INFO] IPUIPlugin:80 - create IPUIPlugin
2024-05-12 23:53:01,823 [INFO] PluginManager:220 - loadIPPluginJar : add comp
2024-05-12 23:53:01,844 [INFO] IPUIPlugin:80 - create IPUIPlugin
2024-05-12 23:53:01,844 [INFO] PluginManager:220 - loadIPPluginJar : add cryp
2024-05-12 23:53:01,860 [INFO] IPUIPlugin:80 - create IPUIPlugin
2024-05-12 23:53:01,860 [INFO] PluginManager:220 - loadIPPluginJar : add dfsdm
2024-05-12 23:53:01,869 [INFO] IPUIPlugin:80 - create IPUIPlugin
2024-05-12 23:53:01,869 [INFO] PluginManager:220 - loadIPPluginJar : add dma
2024-05-12 23:53:01,894 [INFO] IPUIPlugin:80 - create IPUIPlugin
2024-05-12 23:53:01,894 [INFO] PluginManager:220 - loadIPPluginJar : add dma3
2024-05-12 23:53:01,920 [INFO] IPUIPlugin:80 - create IPUIPlugin
2024-05-12 23:53:01,920 [INFO] PluginManager:220 - loadIPPluginJar : add extmemmanager
2024-05-12 23:53:01,932 [INFO] IPUIPlugin:80 - create IPUIPlugin
2024-05-12 23:53:01,932 [INFO] PluginManager:220 - loadIPPluginJar : add fatfs
2024-05-12 23:53:01,960 [INFO] IPUIPlugin:80 - create IPUIPlugin
2024-05-12 23:53:01,960 [INFO] PluginManager:220 - loadIPPluginJar : add fmc
2024-05-12 23:53:01,969 [INFO] IPUIPlugin:80 - create IPUIPlugin
2024-05-12 23:53:01,969 [INFO] PluginManager:220 - loadIPPluginJar : add freertos
2024-05-12 23:53:01,981 [INFO] IPUIPlugin:80 - create IPUIPlugin
2024-05-12 23:53:01,981 [INFO] PluginManager:220 - loadIPPluginJar : add genericplugin
2024-05-12 23:53:02,036 [INFO] IPUIPlugin:80 - create IPUIPlugin
2024-05-12 23:53:02,036 [INFO] PluginManager:220 - loadIPPluginJar : add gfxmmu
2024-05-12 23:53:02,111 [INFO] IPUIPlugin:80 - create IPUIPlugin
2024-05-12 23:53:02,111 [INFO] PluginManager:220 - loadIPPluginJar : add gic
2024-05-12 23:53:02,119 [INFO] IPUIPlugin:80 - create IPUIPlugin
2024-05-12 23:53:02,119 [INFO] PluginManager:220 - loadIPPluginJar : add gpio
2024-05-12 23:53:02,173 [INFO] IPUIPlugin:80 - create IPUIPlugin
2024-05-12 23:53:02,173 [INFO] PluginManager:220 - loadIPPluginJar : add gtzc
2024-05-12 23:53:02,192 [INFO] IPUIPlugin:80 - create IPUIPlugin
2024-05-12 23:53:02,192 [INFO] PluginManager:220 - loadIPPluginJar : add hash
2024-05-12 23:53:02,226 [INFO] IPUIPlugin:80 - create IPUIPlugin
2024-05-12 23:53:02,226 [INFO] PluginManager:220 - loadIPPluginJar : add i2c
2024-05-12 23:53:02,249 [INFO] IPUIPlugin:80 - create IPUIPlugin
2024-05-12 23:53:02,250 [INFO] PluginManager:220 - loadIPPluginJar : add i2s
2024-05-12 23:53:02,279 [INFO] IPUIPlugin:80 - create IPUIPlugin
2024-05-12 23:53:02,279 [INFO] PluginManager:220 - loadIPPluginJar : add i3c
2024-05-12 23:53:02,347 [INFO] IPUIPlugin:80 - create IPUIPlugin
2024-05-12 23:53:02,347 [INFO] PluginManager:220 - loadIPPluginJar : add ipddr
2024-05-12 23:53:02,402 [INFO] IPUIPlugin:80 - create IPUIPlugin
2024-05-12 23:53:02,402 [INFO] PluginManager:220 - loadIPPluginJar : add linkedlist
2024-05-12 23:53:02,424 [INFO] IPUIPlugin:80 - create IPUIPlugin
2024-05-12 23:53:02,425 [INFO] PluginManager:220 - loadIPPluginJar : add lorawan
2024-05-12 23:53:02,446 [INFO] IPUIPlugin:80 - create IPUIPlugin
2024-05-12 23:53:02,446 [INFO] PluginManager:220 - loadIPPluginJar : add ltdc
2024-05-12 23:53:02,455 [INFO] IPUIPlugin:80 - create IPUIPlugin
2024-05-12 23:53:02,455 [INFO] PluginManager:220 - loadIPPluginJar : add mdma
2024-05-12 23:53:02,462 [INFO] IPUIPlugin:80 - create IPUIPlugin
2024-05-12 23:53:02,462 [INFO] PluginManager:220 - loadIPPluginJar : add nvic
2024-05-12 23:53:02,485 [INFO] IPUIPlugin:80 - create IPUIPlugin
2024-05-12 23:53:02,485 [INFO] PluginManager:220 - loadIPPluginJar : add opamp
2024-05-12 23:53:02,522 [INFO] IPUIPlugin:80 - create IPUIPlugin
2024-05-12 23:53:02,522 [INFO] PluginManager:220 - loadIPPluginJar : add openamp
2024-05-12 23:53:02,547 [INFO] IPUIPlugin:80 - create IPUIPlugin
2024-05-12 23:53:02,547 [INFO] PluginManager:220 - loadIPPluginJar : add pdm2pcm
2024-05-12 23:53:02,557 [INFO] IPUIPlugin:80 - create IPUIPlugin
2024-05-12 23:53:02,559 [INFO] PluginManager:220 - loadIPPluginJar : add plateformsettings
2024-05-12 23:53:02,573 [INFO] IPUIPlugin:80 - create IPUIPlugin
2024-05-12 23:53:02,574 [INFO] PluginManager:220 - loadIPPluginJar : add quadspi
2024-05-12 23:53:02,581 [INFO] IPUIPlugin:80 - create IPUIPlugin
2024-05-12 23:53:02,581 [INFO] PluginManager:220 - loadIPPluginJar : add resmgrutility
2024-05-12 23:53:02,611 [INFO] IPUIPlugin:80 - create IPUIPlugin
2024-05-12 23:53:02,611 [INFO] PluginManager:220 - loadIPPluginJar : add sai
2024-05-12 23:53:02,632 [INFO] IPUIPlugin:80 - create IPUIPlugin
2024-05-12 23:53:02,633 [INFO] PluginManager:220 - loadIPPluginJar : add spi
2024-05-12 23:53:02,678 [INFO] IPUIPlugin:80 - create IPUIPlugin
2024-05-12 23:53:02,678 [INFO] PluginManager:220 - loadIPPluginJar : add stm32_wpan
2024-05-12 23:53:02,692 [INFO] IPUIPlugin:80 - create IPUIPlugin
2024-05-12 23:53:02,692 [INFO] PluginManager:220 - loadIPPluginJar : add tim
2024-05-12 23:53:02,727 [INFO] IPUIPlugin:80 - create IPUIPlugin
2024-05-12 23:53:02,727 [INFO] PluginManager:220 - loadIPPluginJar : add touchsensing
2024-05-12 23:53:02,741 [INFO] IPUIPlugin:80 - create IPUIPlugin
2024-05-12 23:53:02,741 [INFO] PluginManager:220 - loadIPPluginJar : add tracer_emb
2024-05-12 23:53:02,754 [INFO] IPUIPlugin:80 - create IPUIPlugin
2024-05-12 23:53:02,754 [INFO] PluginManager:220 - loadIPPluginJar : add ts
2024-05-12 23:53:02,766 [INFO] IPUIPlugin:80 - create IPUIPlugin
2024-05-12 23:53:02,766 [INFO] PluginManager:220 - loadIPPluginJar : add tsc
2024-05-12 23:53:02,778 [INFO] IPUIPlugin:80 - create IPUIPlugin
2024-05-12 23:53:02,778 [INFO] PluginManager:220 - loadIPPluginJar : add ucpd
2024-05-12 23:53:02,804 [INFO] IPUIPlugin:80 - create IPUIPlugin
2024-05-12 23:53:02,804 [INFO] PluginManager:220 - loadIPPluginJar : add usart
2024-05-12 23:53:02,830 [INFO] IPUIPlugin:80 - create IPUIPlugin
2024-05-12 23:53:02,830 [INFO] PluginManager:220 - loadIPPluginJar : add usbx
2024-05-12 23:53:02,946 [INFO] CADModel:165 - CPN selected for project level
2024-05-12 23:53:02,946 [INFO] CADModel:114 - Register for checkConnection events
2024-05-12 23:53:02,946 [FATAL] Updater:308 - Updater called before beeing initialized
2024-05-12 23:53:02,946 [ERROR] CADModel:125 - Updater not yet initialized, retry later 
2024-05-12 23:53:03,019 [INFO] CADModel:165 - CPN selected for project level
2024-05-12 23:53:03,019 [INFO] CADModel:114 - Register for checkConnection events
2024-05-12 23:53:03,019 [FATAL] Updater:308 - Updater called before beeing initialized
2024-05-12 23:53:03,019 [ERROR] CADModel:125 - Updater not yet initialized, retry later 
2024-05-12 23:53:03,021 [FATAL] Updater:308 - Updater called before beeing initialized
2024-05-12 23:53:03,102 [FATAL] Updater:308 - Updater called before beeing initialized
2024-05-12 23:53:03,108 [INFO] DbMcusAds:53 - JSON generation date=Thu May 02 17:37:27 KST 2024 (1714639047740)
2024-05-12 23:53:03,108 [FATAL] Updater:308 - Updater called before beeing initialized
2024-05-12 23:53:03,146 [WARN] DetailPanel:346 - Failed to get advertising image, set to default
2024-05-12 23:53:03,228 [FATAL] Updater:308 - Updater called before beeing initialized
2024-05-12 23:53:03,229 [FATAL] Updater:308 - Updater called before beeing initialized
2024-05-12 23:53:03,229 [FATAL] Updater:308 - Updater called before beeing initialized
2024-05-12 23:53:03,229 [WARN] DetailPanel:346 - Failed to get advertising image, set to default
2024-05-12 23:53:03,229 [FATAL] Updater:308 - Updater called before beeing initialized
2024-05-12 23:53:03,266 [ERROR] Updater:1120 - MainUpdater not yet initialized. External WinMGr cannot be set.
2024-05-12 23:53:03,274 [INFO] Updater:1056 - Updater Version found : 6.11.1
2024-05-12 23:53:03,285 [INFO] ApplicationProperties:184 - Using Application install path: C:\ST\STM32CubeIDE_1.15.1\STM32CubeIDE\plugins\com.st.stm32cube.common.mx_6.11.1.202404110753
2024-05-12 23:53:04,371 [INFO] ThirdPartyUpdaterWithRetryManager:70 - Updater plugin not ready yet. [2/15]
2024-05-12 23:53:04,857 [ERROR] LogOutputStream:75 - [STDERR_REDIRECT] May 12, 2024 11:53:04 PM java.util.prefs.WindowsPreferences <init>
2024-05-12 23:53:04,858 [ERROR] LogOutputStream:75 - [STDERR_REDIRECT] WARNING: Could not open/create prefs root node Software\JavaSoft\Prefs at root 0xffffffff80000002. Windows RegCreateKeyEx(...) returned error code 5.
2024-05-12 23:53:04,858 [ERROR] LogOutputStream:75 - [STDERR_REDIRECT] 
2024-05-12 23:53:05,332 [INFO] MainUpdater:2873 - connection check result : 10
2024-05-12 23:53:05,332 [INFO] MainUpdater:290 - Updater Check For Update Now.
2024-05-12 23:53:05,332 [INFO] MicroXplorer:498 - Change Database Version : DB.6.0.111
2024-05-12 23:53:05,341 [INFO] McuFinderGlobals:63 - Set McuFinder mode to 2 (CubeIDE integrated)
2024-05-12 23:53:05,348 [INFO] UserAuth:415 - Internet connection configuration mode: 1
2024-05-12 23:53:05,364 [INFO] JxBrowserEngine:152 - Initiate JxBrowser Engine with user profile folder
2024-05-12 23:53:05,491 [INFO] CheckServerUpdateThread:120 - End of CheckServer Thread
2024-05-12 23:53:07,569 [WARN] PackLoader:240 - Cannot read IP mode file for STMicroelectronics.FP-SNS-MOTENVWB1.1.4.0
2024-05-12 23:53:07,580 [WARN] PackLoader:240 - Cannot read IP mode file for STMicroelectronics.X-CUBE-SMBUS.2.1.0
2024-05-12 23:53:07,589 [WARN] PackLoader:240 - Cannot read IP mode file for STMicroelectronics.X-CUBE-TOUCHGFX.4.23.2
2024-05-12 23:53:07,613 [WARN] PackLoader:240 - Cannot read IP mode file for STMicroelectronics.X-CUBE-AZRTOS-F7.1.1.0
2024-05-12 23:53:07,624 [WARN] PackLoader:240 - Cannot read IP mode file for STMicroelectronics.FP-SNS-FLIGHT1.5.0.2
2024-05-12 23:53:07,634 [WARN] PackLoader:240 - Cannot read IP mode file for STMicroelectronics.X-CUBE-DISPLAY.3.0.0
2024-05-12 23:53:07,648 [WARN] PackLoader:240 - Cannot read IP mode file for STMicroelectronics.X-CUBE-BLE1.7.0.0
2024-05-12 23:53:07,658 [WARN] PackLoader:240 - Cannot read IP mode file for emotas.I-CUBE-CANOPEN.1.3.0
2024-05-12 23:53:07,671 [WARN] PackLoader:240 - Cannot read IP mode file for STMicroelectronics.X-CUBE-BLEMGR.3.1.0
2024-05-12 23:53:07,681 [WARN] PackLoader:240 - Cannot read IP mode file for STMicroelectronics.FP-SNS-SMARTAG2.1.2.0
2024-05-12 23:53:07,694 [INFO] LogOutputStream:77 - [STDOUT_REDIRECT] 1 : Invalid condition id : UX_CORESTACK_Condition cause : null
2024-05-12 23:53:07,694 [INFO] LogOutputStream:77 - [STDOUT_REDIRECT] 1 : Invalid condition id : UX_CORESTACK_Condition cause : null
2024-05-12 23:53:07,695 [INFO] LogOutputStream:77 - [STDOUT_REDIRECT] 1 : Invalid condition id : UX_CORESTACK_Condition cause : null
2024-05-12 23:53:07,696 [INFO] LogOutputStream:77 - [STDOUT_REDIRECT] 1 : Invalid condition id : UX_CORESTACK_Condition cause : null
2024-05-12 23:53:07,696 [INFO] LogOutputStream:77 - [STDOUT_REDIRECT] 1 : Invalid condition id : UX_CORESTACK_Condition cause : null
2024-05-12 23:53:07,698 [WARN] PackLoader:240 - Cannot read IP mode file for STMicroelectronics.X-CUBE-AZRTOS-WL.2.0.0
2024-05-12 23:53:07,708 [WARN] PackLoader:240 - Cannot read IP mode file for STMicroelectronics.FP-SNS-MOTENV1.5.0.0
2024-05-12 23:53:07,719 [WARN] PackLoader:240 - Cannot read IP mode file for WES.I-CUBE-Cesium.1.3.0
2024-05-12 23:53:07,728 [WARN] PackLoader:240 - Cannot read IP mode file for STMicroelectronics.X-CUBE-BLE2.3.3.0
2024-05-12 23:53:07,737 [WARN] PackLoader:240 - Cannot read IP mode file for STMicroelectronics.X-CUBE-TCPP.4.1.0
2024-05-12 23:53:07,753 [WARN] PackLoader:240 - Cannot read IP mode file for STMicroelectronics.X-CUBE-AZRTOS-G0.1.1.0
2024-05-12 23:53:07,765 [WARN] PackLoader:240 - Cannot read IP mode file for STMicroelectronics.X-CUBE-SAFEA1.1.2.2
2024-05-12 23:53:07,774 [WARN] PackLoader:240 - Cannot read IP mode file for STMicroelectronics.X-CUBE-NFC4.3.0.0
2024-05-12 23:53:07,782 [WARN] PackLoader:240 - Cannot read IP mode file for wolfSSL.I-CUBE-wolfSSL.5.7.0
2024-05-12 23:53:07,789 [WARN] PackLoader:240 - Cannot read IP mode file for STMicroelectronics.FP-ATR-SIGFOX1.3.2.0
2024-05-12 23:53:07,797 [WARN] PackLoader:240 - Cannot read IP mode file for STMicroelectronics.X-CUBE-EEPRMA1.5.1.0
2024-05-12 23:53:07,808 [WARN] PackLoader:240 - Cannot read IP mode file for ITTIA_DB.I-CUBE-ITTIADB.8.9.0
2024-05-12 23:53:07,835 [WARN] PackLoader:240 - Cannot read IP mode file for SEGGER.I-CUBE-embOS.1.3.1
2024-05-12 23:53:07,864 [WARN] PackLoader:240 - Cannot read IP mode file for STMicroelectronics.X-CUBE-ALGOBUILD.1.4.0
2024-05-12 23:53:07,873 [WARN] PackLoader:240 - Cannot read IP mode file for STMicroelectronics.X-CUBE-GNSS1.6.0.0
2024-05-12 23:53:07,897 [WARN] PackLoader:240 - Cannot read IP mode file for STMicroelectronics.X-CUBE-AZRTOS-F4.1.1.0
2024-05-12 23:53:07,909 [WARN] PackLoader:240 - Cannot read IP mode file for STMicroelectronics.X-CUBE-FREERTOS.1.2.0
2024-05-12 23:53:07,931 [WARN] PackLoader:240 - Cannot read IP mode file for STMicroelectronics.X-CUBE-AZRTOS-L5.2.0.0
2024-05-12 23:53:07,945 [WARN] PackLoader:240 - Cannot read IP mode file for STMicroelectronics.X-CUBE-NFC6.3.1.0
2024-05-12 23:53:07,957 [WARN] PackLoader:240 - Cannot read IP mode file for STMicroelectronics.X-CUBE-AI.9.0.0
2024-05-12 23:53:07,968 [WARN] PackLoader:240 - Cannot read IP mode file for STMicroelectronics.X-CUBE-NFC7.1.0.1
2024-05-12 23:53:07,989 [WARN] ConditionMgr:438 - getConditionDescription Invalid condition id : LAN8742 Phy interface Condition cause : null
2024-05-12 23:53:07,989 [WARN] PackLoader:240 - Cannot read IP mode file for STMicroelectronics.X-CUBE-AZRTOS-L4.2.0.0
2024-05-12 23:53:07,990 [WARN] ConditionMgr:1039 - genDependencies : Invalid condition id : LAN8742 Phy interface Condition cause : null
2024-05-12 23:53:07,990 [WARN] ConditionMgr:1039 - genDependencies : Invalid condition id : LAN8742 Phy interface Condition cause : null
2024-05-12 23:53:07,991 [WARN] ConditionMgr:1039 - genDependencies : Invalid condition id : LAN8742 Phy interface Condition cause : null
2024-05-12 23:53:08,004 [WARN] PackLoader:240 - Cannot read IP mode file for STMicroelectronics.X-CUBE-SFXS2LP1.4.0.0
2024-05-12 23:53:08,022 [WARN] ConditionMgr:438 - getConditionDescription Invalid condition id : UX DEVICE CLASS RTOS Condition cause : null
2024-05-12 23:53:08,022 [WARN] ConditionMgr:438 - getConditionDescription Invalid condition id : UX DEVICE CLASS RTOS Condition cause : null
2024-05-12 23:53:08,024 [WARN] PackLoader:240 - Cannot read IP mode file for STMicroelectronics.X-CUBE-AZRTOS-WB.2.0.0
2024-05-12 23:53:08,024 [WARN] ConditionMgr:1039 - genDependencies : Invalid condition id : UX DEVICE CLASS RTOS Condition cause : null
2024-05-12 23:53:08,024 [WARN] ConditionMgr:1039 - genDependencies : Invalid condition id : UX DEVICE CLASS RTOS Condition cause : null
2024-05-12 23:53:08,025 [WARN] ConditionMgr:1039 - genDependencies : Invalid condition id : UX DEVICE CLASS RTOS Condition cause : null
2024-05-12 23:53:08,025 [WARN] ConditionMgr:1039 - genDependencies : Invalid condition id : UX DEVICE CLASS RTOS Condition cause : null
2024-05-12 23:53:08,025 [WARN] ConditionMgr:1039 - genDependencies : Invalid condition id : UX DEVICE CLASS RTOS Condition cause : null
2024-05-12 23:53:08,041 [WARN] PackLoader:240 - Cannot read IP mode file for STMicroelectronics.X-CUBE-SUBG2.5.0.0
2024-05-12 23:53:08,063 [WARN] PackLoader:240 - Cannot read IP mode file for STMicroelectronics.X-CUBE-AZRTOS-G4.2.0.0
2024-05-12 23:53:08,079 [WARN] PackLoader:240 - Cannot read IP mode file for STMicroelectronics.X-CUBE-ISPU.2.0.0
2024-05-12 23:53:08,147 [WARN] PackLoader:240 - Cannot read IP mode file for STMicroelectronics.X-CUBE-MEMS1.10.0.0
2024-05-12 23:53:08,228 [WARN] PackLoader:240 - Cannot read IP mode file for portGmbH.I-Cube-SoM-uGOAL.1.1.0
2024-05-12 23:53:08,240 [WARN] PackLoader:240 - Cannot read IP mode file for STMicroelectronics.X-CUBE-ALS.1.0.1
2024-05-12 23:53:08,255 [INFO] WebApp:161 - Instantiating new browser for Auth
2024-05-12 23:53:08,263 [WARN] PackLoader:240 - Cannot read IP mode file for STMicroelectronics.X-CUBE-AZRTOS-H7RS.1.0.0
2024-05-12 23:53:08,283 [WARN] PackLoader:240 - Cannot read IP mode file for STMicroelectronics.FP-ATR-ASTRA1.2.0.0
2024-05-12 23:53:08,322 [WARN] PackLoader:240 - Cannot read IP mode file for STMicroelectronics.X-CUBE-TOF1.3.4.1
2024-05-12 23:53:08,365 [WARN] PackLoader:240 - Cannot read IP mode file for STMicroelectronics.X-CUBE-AZRTOS-H7.3.2.0
2024-05-12 23:53:08,392 [WARN] PackLoader:240 - Cannot read IP mode file for Infineon.AIROC-Wi-Fi-Bluetooth-STM32.1.6.0
2024-05-12 23:53:08,396 [INFO] ThirdParty:978 - Integrity check success = true
2024-05-12 23:53:08,396 [INFO] IntegrityCheckThread:100 - exiting critical section [integrity check]
2024-05-12 23:53:08,396 [INFO] IntegrityCheckThread:103 - End integrity checks thread
2024-05-12 23:53:08,679 [INFO] WebApp:779 - Register for checkConnection events
2024-05-12 23:53:08,679 [INFO] WebApp:414 - Apply proxy settings
2024-05-12 23:53:08,680 [INFO] WebApp:499 - Chromium requires no authentication
2024-05-12 23:53:08,684 [INFO] WebApp:442 - Direct internet connection detected
2024-05-12 23:53:08,772 [INFO] WebApp:192 - Starting web application
2024-05-12 23:53:08,772 [INFO] WebApp:544 - Web application path used C:\ST\STM32CubeIDE_1.15.1\STM32CubeIDE\plugins\com.st.stm32cube.common.mx_6.11.1.202404110753\db\plugins\mcufinder\reactClient1\index.html
